CRITICAL - 2023-04-06 09:01:34 --> Undefined array key "horario_atual"
#0 G:\AQUIVOS LOCAIS TCC\tcc-igniter\trabalho\app\Views\registro.php(110): CodeIgniter\Debug\Exceptions->errorHandler(2, 'Undefined array...', 'G:\\AQUIVOS LOCA...', 110)
#1 G:\AQUIVOS LOCAIS TCC\tcc-igniter\trabalho\vendor\codeigniter4\framework\system\View\View.php(210): include('G:\\AQUIVOS LOCA...')
#2 G:\AQUIVOS LOCAIS TCC\tcc-igniter\trabalho\vendor\codeigniter4\framework\system\View\View.php(213): CodeIgniter\View\View->CodeIgniter\View\{closure}()
#3 G:\AQUIVOS LOCAIS TCC\tcc-igniter\trabalho\vendor\codeigniter4\framework\system\Common.php(1089): CodeIgniter\View\View->render('registro', Array, true)
#4 G:\AQUIVOS LOCAIS TCC\tcc-igniter\trabalho\app\Controllers\Admin\Registro.php(12): view('registro', Array)
#5 G:\AQUIVOS LOCAIS TCC\tcc-igniter\trabalho\vendor\codeigniter4\framework\system\CodeIgniter.php(832): App\Controllers\Admin\Registro->index()
#6 G:\AQUIVOS LOCAIS TCC\tcc-igniter\trabalho\vendor\codeigniter4\framework\system\CodeIgniter.php(419): CodeIgniter\CodeIgniter->runController(Object(App\Controllers\Admin\Registro))
#7 G:\AQUIVOS LOCAIS TCC\tcc-igniter\trabalho\vendor\codeigniter4\framework\system\CodeIgniter.php(326): CodeIgniter\CodeIgniter->handleRequest(NULL, Object(Config\Cache), false)
#8 G:\AQUIVOS LOCAIS TCC\tcc-igniter\trabalho\public\index.php(37): CodeIgniter\CodeIgniter->run()
#9 G:\AQUIVOS LOCAIS TCC\tcc-igniter\trabalho\vendor\codeigniter4\framework\system\Commands\Server\rewrite.php(43): require_once('G:\\AQUIVOS LOCA...')
#10 {main}
CRITICAL - 2023-04-06 09:03:30 --> Undefined array key "horario_atual"
#0 G:\AQUIVOS LOCAIS TCC\tcc-igniter\trabalho\app\Views\registro.php(110): CodeIgniter\Debug\Exceptions->errorHandler(2, 'Undefined array...', 'G:\\AQUIVOS LOCA...', 110)
#1 G:\AQUIVOS LOCAIS TCC\tcc-igniter\trabalho\vendor\codeigniter4\framework\system\View\View.php(210): include('G:\\AQUIVOS LOCA...')
#2 G:\AQUIVOS LOCAIS TCC\tcc-igniter\trabalho\vendor\codeigniter4\framework\system\View\View.php(213): CodeIgniter\View\View->CodeIgniter\View\{closure}()
#3 G:\AQUIVOS LOCAIS TCC\tcc-igniter\trabalho\vendor\codeigniter4\framework\system\Common.php(1089): CodeIgniter\View\View->render('registro', Array, true)
#4 G:\AQUIVOS LOCAIS TCC\tcc-igniter\trabalho\app\Controllers\Admin\Registro.php(12): view('registro', Array)
#5 G:\AQUIVOS LOCAIS TCC\tcc-igniter\trabalho\vendor\codeigniter4\framework\system\CodeIgniter.php(832): App\Controllers\Admin\Registro->index()
#6 G:\AQUIVOS LOCAIS TCC\tcc-igniter\trabalho\vendor\codeigniter4\framework\system\CodeIgniter.php(419): CodeIgniter\CodeIgniter->runController(Object(App\Controllers\Admin\Registro))
#7 G:\AQUIVOS LOCAIS TCC\tcc-igniter\trabalho\vendor\codeigniter4\framework\system\CodeIgniter.php(326): CodeIgniter\CodeIgniter->handleRequest(NULL, Object(Config\Cache), false)
#8 G:\AQUIVOS LOCAIS TCC\tcc-igniter\trabalho\public\index.php(37): CodeIgniter\CodeIgniter->run()
#9 G:\AQUIVOS LOCAIS TCC\tcc-igniter\trabalho\vendor\codeigniter4\framework\system\Commands\Server\rewrite.php(43): require_once('G:\\AQUIVOS LOCA...')
#10 {main}
