CRITICAL - 2023-04-25 06:03:58 --> Undefined variable $session
#0 E:\ARQUIVOS-LOCAIS-TCC\tcc-igniter\trabalho\app\Views\index.php(19): CodeIgniter\Debug\Exceptions->errorHandler(2, 'Undefined varia...', 'E:\\ARQUIVOS-LOC...', 19)
#1 E:\ARQUIVOS-LOCAIS-TCC\tcc-igniter\trabalho\vendor\codeigniter4\framework\system\View\View.php(210): include('E:\\ARQUIVOS-LOC...')
#2 E:\ARQUIVOS-LOCAIS-TCC\tcc-igniter\trabalho\vendor\codeigniter4\framework\system\View\View.php(213): CodeIgniter\View\View->CodeIgniter\View\{closure}()
#3 E:\ARQUIVOS-LOCAIS-TCC\tcc-igniter\trabalho\vendor\codeigniter4\framework\system\Common.php(1089): CodeIgniter\View\View->render('index', Array, true)
#4 E:\ARQUIVOS-LOCAIS-TCC\tcc-igniter\trabalho\app\Controllers\Home.php(11): view('index')
#5 E:\ARQUIVOS-LOCAIS-TCC\tcc-igniter\trabalho\vendor\codeigniter4\framework\system\CodeIgniter.php(832): App\Controllers\Home->index()
#6 E:\ARQUIVOS-LOCAIS-TCC\tcc-igniter\trabalho\vendor\codeigniter4\framework\system\CodeIgniter.php(419): CodeIgniter\CodeIgniter->runController(Object(App\Controllers\Home))
#7 E:\ARQUIVOS-LOCAIS-TCC\tcc-igniter\trabalho\vendor\codeigniter4\framework\system\CodeIgniter.php(326): CodeIgniter\CodeIgniter->handleRequest(NULL, Object(Config\Cache), false)
#8 E:\ARQUIVOS-LOCAIS-TCC\tcc-igniter\trabalho\public\index.php(37): CodeIgniter\CodeIgniter->run()
#9 E:\ARQUIVOS-LOCAIS-TCC\tcc-igniter\trabalho\vendor\codeigniter4\framework\system\Commands\Server\rewrite.php(43): require_once('E:\\ARQUIVOS-LOC...')
#10 {main}
CRITICAL - 2023-04-25 06:31:35 --> Call to undefined method CodeIgniter\View\View::session()
#0 E:\ARQUIVOS-LOCAIS-TCC\tcc-igniter\trabalho\vendor\codeigniter4\framework\system\View\View.php(210): include()
#1 E:\ARQUIVOS-LOCAIS-TCC\tcc-igniter\trabalho\vendor\codeigniter4\framework\system\View\View.php(213): CodeIgniter\View\View->CodeIgniter\View\{closure}()
#2 E:\ARQUIVOS-LOCAIS-TCC\tcc-igniter\trabalho\vendor\codeigniter4\framework\system\Common.php(1089): CodeIgniter\View\View->render('registro', Array, true)
#3 E:\ARQUIVOS-LOCAIS-TCC\tcc-igniter\trabalho\app\Controllers\Admin\Registro.php(14): view('registro', Array)
#4 E:\ARQUIVOS-LOCAIS-TCC\tcc-igniter\trabalho\vendor\codeigniter4\framework\system\CodeIgniter.php(832): App\Controllers\Admin\Registro->index()
#5 E:\ARQUIVOS-LOCAIS-TCC\tcc-igniter\trabalho\vendor\codeigniter4\framework\system\CodeIgniter.php(419): CodeIgniter\CodeIgniter->runController(Object(App\Controllers\Admin\Registro))
#6 E:\ARQUIVOS-LOCAIS-TCC\tcc-igniter\trabalho\vendor\codeigniter4\framework\system\CodeIgniter.php(326): CodeIgniter\CodeIgniter->handleRequest(NULL, Object(Config\Cache), false)
#7 E:\ARQUIVOS-LOCAIS-TCC\tcc-igniter\trabalho\public\index.php(37): CodeIgniter\CodeIgniter->run()
#8 E:\ARQUIVOS-LOCAIS-TCC\tcc-igniter\trabalho\vendor\codeigniter4\framework\system\Commands\Server\rewrite.php(43): require_once('E:\\ARQUIVOS-LOC...')
#9 {main}
CRITICAL - 2023-04-25 06:31:37 --> Call to undefined method CodeIgniter\View\View::session()
#0 E:\ARQUIVOS-LOCAIS-TCC\tcc-igniter\trabalho\vendor\codeigniter4\framework\system\View\View.php(210): include()
#1 E:\ARQUIVOS-LOCAIS-TCC\tcc-igniter\trabalho\vendor\codeigniter4\framework\system\View\View.php(213): CodeIgniter\View\View->CodeIgniter\View\{closure}()
#2 E:\ARQUIVOS-LOCAIS-TCC\tcc-igniter\trabalho\vendor\codeigniter4\framework\system\Common.php(1089): CodeIgniter\View\View->render('registro', Array, true)
#3 E:\ARQUIVOS-LOCAIS-TCC\tcc-igniter\trabalho\app\Controllers\Admin\Registro.php(14): view('registro', Array)
#4 E:\ARQUIVOS-LOCAIS-TCC\tcc-igniter\trabalho\vendor\codeigniter4\framework\system\CodeIgniter.php(832): App\Controllers\Admin\Registro->index()
#5 E:\ARQUIVOS-LOCAIS-TCC\tcc-igniter\trabalho\vendor\codeigniter4\framework\system\CodeIgniter.php(419): CodeIgniter\CodeIgniter->runController(Object(App\Controllers\Admin\Registro))
#6 E:\ARQUIVOS-LOCAIS-TCC\tcc-igniter\trabalho\vendor\codeigniter4\framework\system\CodeIgniter.php(326): CodeIgniter\CodeIgniter->handleRequest(NULL, Object(Config\Cache), false)
#7 E:\ARQUIVOS-LOCAIS-TCC\tcc-igniter\trabalho\public\index.php(37): CodeIgniter\CodeIgniter->run()
#8 E:\ARQUIVOS-LOCAIS-TCC\tcc-igniter\trabalho\vendor\codeigniter4\framework\system\Commands\Server\rewrite.php(43): require_once('E:\\ARQUIVOS-LOC...')
#9 {main}
CRITICAL - 2023-04-25 06:43:39 --> Undefined variable $session
#0 E:\ARQUIVOS-LOCAIS-TCC\tcc-igniter\trabalho\app\Views\registro.php(2): CodeIgniter\Debug\Exceptions->errorHandler(2, 'Undefined varia...', 'E:\\ARQUIVOS-LOC...', 2)
#1 E:\ARQUIVOS-LOCAIS-TCC\tcc-igniter\trabalho\vendor\codeigniter4\framework\system\View\View.php(210): include('E:\\ARQUIVOS-LOC...')
#2 E:\ARQUIVOS-LOCAIS-TCC\tcc-igniter\trabalho\vendor\codeigniter4\framework\system\View\View.php(213): CodeIgniter\View\View->CodeIgniter\View\{closure}()
#3 E:\ARQUIVOS-LOCAIS-TCC\tcc-igniter\trabalho\vendor\codeigniter4\framework\system\Common.php(1089): CodeIgniter\View\View->render('registro', Array, true)
#4 E:\ARQUIVOS-LOCAIS-TCC\tcc-igniter\trabalho\app\Controllers\Admin\Registro.php(14): view('registro', Array)
#5 E:\ARQUIVOS-LOCAIS-TCC\tcc-igniter\trabalho\vendor\codeigniter4\framework\system\CodeIgniter.php(832): App\Controllers\Admin\Registro->index()
#6 E:\ARQUIVOS-LOCAIS-TCC\tcc-igniter\trabalho\vendor\codeigniter4\framework\system\CodeIgniter.php(419): CodeIgniter\CodeIgniter->runController(Object(App\Controllers\Admin\Registro))
#7 E:\ARQUIVOS-LOCAIS-TCC\tcc-igniter\trabalho\vendor\codeigniter4\framework\system\CodeIgniter.php(326): CodeIgniter\CodeIgniter->handleRequest(NULL, Object(Config\Cache), false)
#8 E:\ARQUIVOS-LOCAIS-TCC\tcc-igniter\trabalho\public\index.php(37): CodeIgniter\CodeIgniter->run()
#9 E:\ARQUIVOS-LOCAIS-TCC\tcc-igniter\trabalho\vendor\codeigniter4\framework\system\Commands\Server\rewrite.php(43): require_once('E:\\ARQUIVOS-LOC...')
#10 {main}
CRITICAL - 2023-04-25 06:43:53 --> Undefined variable $session
#0 E:\ARQUIVOS-LOCAIS-TCC\tcc-igniter\trabalho\app\Views\registro.php(29): CodeIgniter\Debug\Exceptions->errorHandler(2, 'Undefined varia...', 'E:\\ARQUIVOS-LOC...', 29)
#1 E:\ARQUIVOS-LOCAIS-TCC\tcc-igniter\trabalho\vendor\codeigniter4\framework\system\View\View.php(210): include('E:\\ARQUIVOS-LOC...')
#2 E:\ARQUIVOS-LOCAIS-TCC\tcc-igniter\trabalho\vendor\codeigniter4\framework\system\View\View.php(213): CodeIgniter\View\View->CodeIgniter\View\{closure}()
#3 E:\ARQUIVOS-LOCAIS-TCC\tcc-igniter\trabalho\vendor\codeigniter4\framework\system\Common.php(1089): CodeIgniter\View\View->render('registro', Array, true)
#4 E:\ARQUIVOS-LOCAIS-TCC\tcc-igniter\trabalho\app\Controllers\Admin\Registro.php(14): view('registro', Array)
#5 E:\ARQUIVOS-LOCAIS-TCC\tcc-igniter\trabalho\vendor\codeigniter4\framework\system\CodeIgniter.php(832): App\Controllers\Admin\Registro->index()
#6 E:\ARQUIVOS-LOCAIS-TCC\tcc-igniter\trabalho\vendor\codeigniter4\framework\system\CodeIgniter.php(419): CodeIgniter\CodeIgniter->runController(Object(App\Controllers\Admin\Registro))
#7 E:\ARQUIVOS-LOCAIS-TCC\tcc-igniter\trabalho\vendor\codeigniter4\framework\system\CodeIgniter.php(326): CodeIgniter\CodeIgniter->handleRequest(NULL, Object(Config\Cache), false)
#8 E:\ARQUIVOS-LOCAIS-TCC\tcc-igniter\trabalho\public\index.php(37): CodeIgniter\CodeIgniter->run()
#9 E:\ARQUIVOS-LOCAIS-TCC\tcc-igniter\trabalho\vendor\codeigniter4\framework\system\Commands\Server\rewrite.php(43): require_once('E:\\ARQUIVOS-LOC...')
#10 {main}
CRITICAL - 2023-04-25 06:46:23 --> Undefined variable $session
#0 E:\ARQUIVOS-LOCAIS-TCC\tcc-igniter\trabalho\app\Views\registro.php(29): CodeIgniter\Debug\Exceptions->errorHandler(2, 'Undefined varia...', 'E:\\ARQUIVOS-LOC...', 29)
#1 E:\ARQUIVOS-LOCAIS-TCC\tcc-igniter\trabalho\vendor\codeigniter4\framework\system\View\View.php(210): include('E:\\ARQUIVOS-LOC...')
#2 E:\ARQUIVOS-LOCAIS-TCC\tcc-igniter\trabalho\vendor\codeigniter4\framework\system\View\View.php(213): CodeIgniter\View\View->CodeIgniter\View\{closure}()
#3 E:\ARQUIVOS-LOCAIS-TCC\tcc-igniter\trabalho\vendor\codeigniter4\framework\system\Common.php(1089): CodeIgniter\View\View->render('registro', Array, true)
#4 E:\ARQUIVOS-LOCAIS-TCC\tcc-igniter\trabalho\app\Controllers\Admin\Registro.php(14): view('registro', Array)
#5 E:\ARQUIVOS-LOCAIS-TCC\tcc-igniter\trabalho\vendor\codeigniter4\framework\system\CodeIgniter.php(832): App\Controllers\Admin\Registro->index()
#6 E:\ARQUIVOS-LOCAIS-TCC\tcc-igniter\trabalho\vendor\codeigniter4\framework\system\CodeIgniter.php(419): CodeIgniter\CodeIgniter->runController(Object(App\Controllers\Admin\Registro))
#7 E:\ARQUIVOS-LOCAIS-TCC\tcc-igniter\trabalho\vendor\codeigniter4\framework\system\CodeIgniter.php(326): CodeIgniter\CodeIgniter->handleRequest(NULL, Object(Config\Cache), false)
#8 E:\ARQUIVOS-LOCAIS-TCC\tcc-igniter\trabalho\public\index.php(37): CodeIgniter\CodeIgniter->run()
#9 E:\ARQUIVOS-LOCAIS-TCC\tcc-igniter\trabalho\vendor\codeigniter4\framework\system\Commands\Server\rewrite.php(43): require_once('E:\\ARQUIVOS-LOC...')
#10 {main}
ERROR - 2023-04-25 07:47:23 --> Error connecting to the database: Nenhuma conexão pôde ser feita porque a máquina de destino as recusou ativamente
CRITICAL - 2023-04-25 07:47:23 --> Unable to connect to the database.
Main connection [MySQLi]: Nenhuma conexão pôde ser feita porque a máquina de destino as recusou ativamente
#0 E:\ARQUIVOS-LOCAIS-TCC\tcc-igniter\trabalho\vendor\codeigniter4\framework\system\Database\BaseConnection.php(577): CodeIgniter\Database\BaseConnection->initialize()
#1 E:\ARQUIVOS-LOCAIS-TCC\tcc-igniter\trabalho\app\Models\AdminModel.php(21): CodeIgniter\Database\BaseConnection->query('SELECT idFuncio...', Array)
#2 E:\ARQUIVOS-LOCAIS-TCC\tcc-igniter\trabalho\app\Controllers\Admin\AutenticacaoAdmin.php(30): App\Models\AdminModel->logar('joao@gmail.com', 'joao')
#3 E:\ARQUIVOS-LOCAIS-TCC\tcc-igniter\trabalho\vendor\codeigniter4\framework\system\CodeIgniter.php(832): App\Controllers\Admin\AutenticacaoAdmin->logar()
#4 E:\ARQUIVOS-LOCAIS-TCC\tcc-igniter\trabalho\vendor\codeigniter4\framework\system\CodeIgniter.php(419): CodeIgniter\CodeIgniter->runController(Object(App\Controllers\Admin\AutenticacaoAdmin))
#5 E:\ARQUIVOS-LOCAIS-TCC\tcc-igniter\trabalho\vendor\codeigniter4\framework\system\CodeIgniter.php(326): CodeIgniter\CodeIgniter->handleRequest(NULL, Object(Config\Cache), false)
#6 E:\ARQUIVOS-LOCAIS-TCC\tcc-igniter\trabalho\public\index.php(37): CodeIgniter\CodeIgniter->run()
#7 E:\ARQUIVOS-LOCAIS-TCC\tcc-igniter\trabalho\vendor\codeigniter4\framework\system\Commands\Server\rewrite.php(43): require_once('E:\\ARQUIVOS-LOC...')
#8 {main}
