CRITICAL - 2023-03-23 06:26:15 --> Call to undefined function form_open()
#0 E:\AQUIVOS LOCAIS TCC\tcc-igniter\trabalho\vendor\codeigniter4\framework\system\View\View.php(210): include()
#1 E:\AQUIVOS LOCAIS TCC\tcc-igniter\trabalho\vendor\codeigniter4\framework\system\View\View.php(213): CodeIgniter\View\View->CodeIgniter\View\{closure}()
#2 E:\AQUIVOS LOCAIS TCC\tcc-igniter\trabalho\vendor\codeigniter4\framework\system\Common.php(1089): CodeIgniter\View\View->render('registro', Array, true)
#3 E:\AQUIVOS LOCAIS TCC\tcc-igniter\trabalho\app\Controllers\Home.php(37): view('registro')
#4 E:\AQUIVOS LOCAIS TCC\tcc-igniter\trabalho\vendor\codeigniter4\framework\system\CodeIgniter.php(832): App\Controllers\Home->registro()
#5 E:\AQUIVOS LOCAIS TCC\tcc-igniter\trabalho\vendor\codeigniter4\framework\system\CodeIgniter.php(419): CodeIgniter\CodeIgniter->runController(Object(App\Controllers\Home))
#6 E:\AQUIVOS LOCAIS TCC\tcc-igniter\trabalho\vendor\codeigniter4\framework\system\CodeIgniter.php(326): CodeIgniter\CodeIgniter->handleRequest(NULL, Object(Config\Cache), false)
#7 E:\AQUIVOS LOCAIS TCC\tcc-igniter\trabalho\public\index.php(37): CodeIgniter\CodeIgniter->run()
#8 E:\AQUIVOS LOCAIS TCC\tcc-igniter\trabalho\vendor\codeigniter4\framework\system\Commands\Server\rewrite.php(43): require_once('E:\\AQUIVOS LOCA...')
#9 {main}
CRITICAL - 2023-03-23 06:26:39 --> Call to undefined function form_open()
#0 E:\AQUIVOS LOCAIS TCC\tcc-igniter\trabalho\vendor\codeigniter4\framework\system\View\View.php(210): include()
#1 E:\AQUIVOS LOCAIS TCC\tcc-igniter\trabalho\vendor\codeigniter4\framework\system\View\View.php(213): CodeIgniter\View\View->CodeIgniter\View\{closure}()
#2 E:\AQUIVOS LOCAIS TCC\tcc-igniter\trabalho\vendor\codeigniter4\framework\system\Common.php(1089): CodeIgniter\View\View->render('registro', Array, true)
#3 E:\AQUIVOS LOCAIS TCC\tcc-igniter\trabalho\app\Controllers\Home.php(37): view('registro')
#4 E:\AQUIVOS LOCAIS TCC\tcc-igniter\trabalho\vendor\codeigniter4\framework\system\CodeIgniter.php(832): App\Controllers\Home->registro()
#5 E:\AQUIVOS LOCAIS TCC\tcc-igniter\trabalho\vendor\codeigniter4\framework\system\CodeIgniter.php(419): CodeIgniter\CodeIgniter->runController(Object(App\Controllers\Home))
#6 E:\AQUIVOS LOCAIS TCC\tcc-igniter\trabalho\vendor\codeigniter4\framework\system\CodeIgniter.php(326): CodeIgniter\CodeIgniter->handleRequest(NULL, Object(Config\Cache), false)
#7 E:\AQUIVOS LOCAIS TCC\tcc-igniter\trabalho\public\index.php(37): CodeIgniter\CodeIgniter->run()
#8 E:\AQUIVOS LOCAIS TCC\tcc-igniter\trabalho\vendor\codeigniter4\framework\system\Commands\Server\rewrite.php(43): require_once('E:\\AQUIVOS LOCA...')
#9 {main}
CRITICAL - 2023-03-23 06:29:59 --> Call to undefined function form_open()
#0 E:\AQUIVOS LOCAIS TCC\tcc-igniter\trabalho\vendor\codeigniter4\framework\system\View\View.php(210): include()
#1 E:\AQUIVOS LOCAIS TCC\tcc-igniter\trabalho\vendor\codeigniter4\framework\system\View\View.php(213): CodeIgniter\View\View->CodeIgniter\View\{closure}()
#2 E:\AQUIVOS LOCAIS TCC\tcc-igniter\trabalho\vendor\codeigniter4\framework\system\Common.php(1089): CodeIgniter\View\View->render('registro', Array, true)
#3 E:\AQUIVOS LOCAIS TCC\tcc-igniter\trabalho\app\Controllers\Home.php(37): view('registro')
#4 E:\AQUIVOS LOCAIS TCC\tcc-igniter\trabalho\vendor\codeigniter4\framework\system\CodeIgniter.php(832): App\Controllers\Home->registro()
#5 E:\AQUIVOS LOCAIS TCC\tcc-igniter\trabalho\vendor\codeigniter4\framework\system\CodeIgniter.php(419): CodeIgniter\CodeIgniter->runController(Object(App\Controllers\Home))
#6 E:\AQUIVOS LOCAIS TCC\tcc-igniter\trabalho\vendor\codeigniter4\framework\system\CodeIgniter.php(326): CodeIgniter\CodeIgniter->handleRequest(NULL, Object(Config\Cache), false)
#7 E:\AQUIVOS LOCAIS TCC\tcc-igniter\trabalho\public\index.php(37): CodeIgniter\CodeIgniter->run()
#8 E:\AQUIVOS LOCAIS TCC\tcc-igniter\trabalho\vendor\codeigniter4\framework\system\Commands\Server\rewrite.php(43): require_once('E:\\AQUIVOS LOCA...')
#9 {main}
CRITICAL - 2023-03-23 06:30:25 --> Call to undefined function form_open()
#0 E:\AQUIVOS LOCAIS TCC\tcc-igniter\trabalho\vendor\codeigniter4\framework\system\View\View.php(210): include()
#1 E:\AQUIVOS LOCAIS TCC\tcc-igniter\trabalho\vendor\codeigniter4\framework\system\View\View.php(213): CodeIgniter\View\View->CodeIgniter\View\{closure}()
#2 E:\AQUIVOS LOCAIS TCC\tcc-igniter\trabalho\vendor\codeigniter4\framework\system\Common.php(1089): CodeIgniter\View\View->render('registro', Array, true)
#3 E:\AQUIVOS LOCAIS TCC\tcc-igniter\trabalho\app\Controllers\Home.php(37): view('registro')
#4 E:\AQUIVOS LOCAIS TCC\tcc-igniter\trabalho\vendor\codeigniter4\framework\system\CodeIgniter.php(832): App\Controllers\Home->registro()
#5 E:\AQUIVOS LOCAIS TCC\tcc-igniter\trabalho\vendor\codeigniter4\framework\system\CodeIgniter.php(419): CodeIgniter\CodeIgniter->runController(Object(App\Controllers\Home))
#6 E:\AQUIVOS LOCAIS TCC\tcc-igniter\trabalho\vendor\codeigniter4\framework\system\CodeIgniter.php(326): CodeIgniter\CodeIgniter->handleRequest(NULL, Object(Config\Cache), false)
#7 E:\AQUIVOS LOCAIS TCC\tcc-igniter\trabalho\public\index.php(37): CodeIgniter\CodeIgniter->run()
#8 E:\AQUIVOS LOCAIS TCC\tcc-igniter\trabalho\vendor\codeigniter4\framework\system\Commands\Server\rewrite.php(43): require_once('E:\\AQUIVOS LOCA...')
#9 {main}
CRITICAL - 2023-03-23 06:31:39 --> Call to undefined function form_open()
#0 E:\AQUIVOS LOCAIS TCC\tcc-igniter\trabalho\vendor\codeigniter4\framework\system\View\View.php(210): include()
#1 E:\AQUIVOS LOCAIS TCC\tcc-igniter\trabalho\vendor\codeigniter4\framework\system\View\View.php(213): CodeIgniter\View\View->CodeIgniter\View\{closure}()
#2 E:\AQUIVOS LOCAIS TCC\tcc-igniter\trabalho\vendor\codeigniter4\framework\system\Common.php(1089): CodeIgniter\View\View->render('registro', Array, true)
#3 E:\AQUIVOS LOCAIS TCC\tcc-igniter\trabalho\app\Controllers\Home.php(37): view('registro')
#4 E:\AQUIVOS LOCAIS TCC\tcc-igniter\trabalho\vendor\codeigniter4\framework\system\CodeIgniter.php(832): App\Controllers\Home->registro()
#5 E:\AQUIVOS LOCAIS TCC\tcc-igniter\trabalho\vendor\codeigniter4\framework\system\CodeIgniter.php(419): CodeIgniter\CodeIgniter->runController(Object(App\Controllers\Home))
#6 E:\AQUIVOS LOCAIS TCC\tcc-igniter\trabalho\vendor\codeigniter4\framework\system\CodeIgniter.php(326): CodeIgniter\CodeIgniter->handleRequest(NULL, Object(Config\Cache), false)
#7 E:\AQUIVOS LOCAIS TCC\tcc-igniter\trabalho\public\index.php(37): CodeIgniter\CodeIgniter->run()
#8 E:\AQUIVOS LOCAIS TCC\tcc-igniter\trabalho\vendor\codeigniter4\framework\system\Commands\Server\rewrite.php(43): require_once('E:\\AQUIVOS LOCA...')
#9 {main}
CRITICAL - 2023-03-23 06:54:00 --> Call to undefined function form_open()
#0 E:\AQUIVOS LOCAIS TCC\tcc-igniter\trabalho\vendor\codeigniter4\framework\system\View\View.php(210): include()
#1 E:\AQUIVOS LOCAIS TCC\tcc-igniter\trabalho\vendor\codeigniter4\framework\system\View\View.php(213): CodeIgniter\View\View->CodeIgniter\View\{closure}()
#2 E:\AQUIVOS LOCAIS TCC\tcc-igniter\trabalho\vendor\codeigniter4\framework\system\Common.php(1089): CodeIgniter\View\View->render('registro', Array, true)
#3 E:\AQUIVOS LOCAIS TCC\tcc-igniter\trabalho\app\Controllers\Home.php(37): view('registro')
#4 E:\AQUIVOS LOCAIS TCC\tcc-igniter\trabalho\vendor\codeigniter4\framework\system\CodeIgniter.php(832): App\Controllers\Home->registro()
#5 E:\AQUIVOS LOCAIS TCC\tcc-igniter\trabalho\vendor\codeigniter4\framework\system\CodeIgniter.php(419): CodeIgniter\CodeIgniter->runController(Object(App\Controllers\Home))
#6 E:\AQUIVOS LOCAIS TCC\tcc-igniter\trabalho\vendor\codeigniter4\framework\system\CodeIgniter.php(326): CodeIgniter\CodeIgniter->handleRequest(NULL, Object(Config\Cache), false)
#7 E:\AQUIVOS LOCAIS TCC\tcc-igniter\trabalho\public\index.php(37): CodeIgniter\CodeIgniter->run()
#8 E:\AQUIVOS LOCAIS TCC\tcc-igniter\trabalho\vendor\codeigniter4\framework\system\Commands\Server\rewrite.php(43): require_once('E:\\AQUIVOS LOCA...')
#9 {main}
CRITICAL - 2023-03-23 06:54:29 --> Call to undefined function form_open()
#0 E:\AQUIVOS LOCAIS TCC\tcc-igniter\trabalho\vendor\codeigniter4\framework\system\View\View.php(210): include()
#1 E:\AQUIVOS LOCAIS TCC\tcc-igniter\trabalho\vendor\codeigniter4\framework\system\View\View.php(213): CodeIgniter\View\View->CodeIgniter\View\{closure}()
#2 E:\AQUIVOS LOCAIS TCC\tcc-igniter\trabalho\vendor\codeigniter4\framework\system\Common.php(1089): CodeIgniter\View\View->render('registro', Array, true)
#3 E:\AQUIVOS LOCAIS TCC\tcc-igniter\trabalho\app\Controllers\Home.php(37): view('registro')
#4 E:\AQUIVOS LOCAIS TCC\tcc-igniter\trabalho\vendor\codeigniter4\framework\system\CodeIgniter.php(832): App\Controllers\Home->registro()
#5 E:\AQUIVOS LOCAIS TCC\tcc-igniter\trabalho\vendor\codeigniter4\framework\system\CodeIgniter.php(419): CodeIgniter\CodeIgniter->runController(Object(App\Controllers\Home))
#6 E:\AQUIVOS LOCAIS TCC\tcc-igniter\trabalho\vendor\codeigniter4\framework\system\CodeIgniter.php(326): CodeIgniter\CodeIgniter->handleRequest(NULL, Object(Config\Cache), false)
#7 E:\AQUIVOS LOCAIS TCC\tcc-igniter\trabalho\public\index.php(37): CodeIgniter\CodeIgniter->run()
#8 E:\AQUIVOS LOCAIS TCC\tcc-igniter\trabalho\vendor\codeigniter4\framework\system\Commands\Server\rewrite.php(43): require_once('E:\\AQUIVOS LOCA...')
#9 {main}
CRITICAL - 2023-03-23 06:56:54 --> Call to undefined function form_open()
#0 E:\AQUIVOS LOCAIS TCC\tcc-igniter\trabalho\vendor\codeigniter4\framework\system\View\View.php(210): include()
#1 E:\AQUIVOS LOCAIS TCC\tcc-igniter\trabalho\vendor\codeigniter4\framework\system\View\View.php(213): CodeIgniter\View\View->CodeIgniter\View\{closure}()
#2 E:\AQUIVOS LOCAIS TCC\tcc-igniter\trabalho\vendor\codeigniter4\framework\system\Common.php(1089): CodeIgniter\View\View->render('registro', Array, true)
#3 E:\AQUIVOS LOCAIS TCC\tcc-igniter\trabalho\app\Controllers\Home.php(37): view('registro')
#4 E:\AQUIVOS LOCAIS TCC\tcc-igniter\trabalho\vendor\codeigniter4\framework\system\CodeIgniter.php(832): App\Controllers\Home->registro()
#5 E:\AQUIVOS LOCAIS TCC\tcc-igniter\trabalho\vendor\codeigniter4\framework\system\CodeIgniter.php(419): CodeIgniter\CodeIgniter->runController(Object(App\Controllers\Home))
#6 E:\AQUIVOS LOCAIS TCC\tcc-igniter\trabalho\vendor\codeigniter4\framework\system\CodeIgniter.php(326): CodeIgniter\CodeIgniter->handleRequest(NULL, Object(Config\Cache), false)
#7 E:\AQUIVOS LOCAIS TCC\tcc-igniter\trabalho\public\index.php(37): CodeIgniter\CodeIgniter->run()
#8 E:\AQUIVOS LOCAIS TCC\tcc-igniter\trabalho\vendor\codeigniter4\framework\system\Commands\Server\rewrite.php(43): require_once('E:\\AQUIVOS LOCA...')
#9 {main}
CRITICAL - 2023-03-23 07:04:11 --> Call to undefined function form_open()
#0 E:\AQUIVOS LOCAIS TCC\tcc-igniter\trabalho\vendor\codeigniter4\framework\system\View\View.php(210): include()
#1 E:\AQUIVOS LOCAIS TCC\tcc-igniter\trabalho\vendor\codeigniter4\framework\system\View\View.php(213): CodeIgniter\View\View->CodeIgniter\View\{closure}()
#2 E:\AQUIVOS LOCAIS TCC\tcc-igniter\trabalho\vendor\codeigniter4\framework\system\Common.php(1089): CodeIgniter\View\View->render('registro', Array, true)
#3 E:\AQUIVOS LOCAIS TCC\tcc-igniter\trabalho\app\Controllers\Home.php(37): view('registro')
#4 E:\AQUIVOS LOCAIS TCC\tcc-igniter\trabalho\vendor\codeigniter4\framework\system\CodeIgniter.php(832): App\Controllers\Home->registro()
#5 E:\AQUIVOS LOCAIS TCC\tcc-igniter\trabalho\vendor\codeigniter4\framework\system\CodeIgniter.php(419): CodeIgniter\CodeIgniter->runController(Object(App\Controllers\Home))
#6 E:\AQUIVOS LOCAIS TCC\tcc-igniter\trabalho\vendor\codeigniter4\framework\system\CodeIgniter.php(326): CodeIgniter\CodeIgniter->handleRequest(NULL, Object(Config\Cache), false)
#7 E:\AQUIVOS LOCAIS TCC\tcc-igniter\trabalho\public\index.php(37): CodeIgniter\CodeIgniter->run()
#8 E:\AQUIVOS LOCAIS TCC\tcc-igniter\trabalho\vendor\codeigniter4\framework\system\Commands\Server\rewrite.php(43): require_once('E:\\AQUIVOS LOCA...')
#9 {main}
CRITICAL - 2023-03-23 07:05:48 --> Call to undefined function form_open()
#0 E:\AQUIVOS LOCAIS TCC\tcc-igniter\trabalho\vendor\codeigniter4\framework\system\View\View.php(210): include()
#1 E:\AQUIVOS LOCAIS TCC\tcc-igniter\trabalho\vendor\codeigniter4\framework\system\View\View.php(213): CodeIgniter\View\View->CodeIgniter\View\{closure}()
#2 E:\AQUIVOS LOCAIS TCC\tcc-igniter\trabalho\vendor\codeigniter4\framework\system\Common.php(1089): CodeIgniter\View\View->render('registro', Array, true)
#3 E:\AQUIVOS LOCAIS TCC\tcc-igniter\trabalho\app\Controllers\Home.php(37): view('registro')
#4 E:\AQUIVOS LOCAIS TCC\tcc-igniter\trabalho\vendor\codeigniter4\framework\system\CodeIgniter.php(832): App\Controllers\Home->registro()
#5 E:\AQUIVOS LOCAIS TCC\tcc-igniter\trabalho\vendor\codeigniter4\framework\system\CodeIgniter.php(419): CodeIgniter\CodeIgniter->runController(Object(App\Controllers\Home))
#6 E:\AQUIVOS LOCAIS TCC\tcc-igniter\trabalho\vendor\codeigniter4\framework\system\CodeIgniter.php(326): CodeIgniter\CodeIgniter->handleRequest(NULL, Object(Config\Cache), false)
#7 E:\AQUIVOS LOCAIS TCC\tcc-igniter\trabalho\public\index.php(37): CodeIgniter\CodeIgniter->run()
#8 E:\AQUIVOS LOCAIS TCC\tcc-igniter\trabalho\vendor\codeigniter4\framework\system\Commands\Server\rewrite.php(43): require_once('E:\\AQUIVOS LOCA...')
#9 {main}
CRITICAL - 2023-03-23 07:07:29 --> Call to undefined function form_open()
#0 E:\AQUIVOS LOCAIS TCC\tcc-igniter\trabalho\vendor\codeigniter4\framework\system\View\View.php(210): include()
#1 E:\AQUIVOS LOCAIS TCC\tcc-igniter\trabalho\vendor\codeigniter4\framework\system\View\View.php(213): CodeIgniter\View\View->CodeIgniter\View\{closure}()
#2 E:\AQUIVOS LOCAIS TCC\tcc-igniter\trabalho\vendor\codeigniter4\framework\system\Common.php(1089): CodeIgniter\View\View->render('registro', Array, true)
#3 E:\AQUIVOS LOCAIS TCC\tcc-igniter\trabalho\app\Controllers\Home.php(37): view('registro')
#4 E:\AQUIVOS LOCAIS TCC\tcc-igniter\trabalho\vendor\codeigniter4\framework\system\CodeIgniter.php(832): App\Controllers\Home->registro()
#5 E:\AQUIVOS LOCAIS TCC\tcc-igniter\trabalho\vendor\codeigniter4\framework\system\CodeIgniter.php(419): CodeIgniter\CodeIgniter->runController(Object(App\Controllers\Home))
#6 E:\AQUIVOS LOCAIS TCC\tcc-igniter\trabalho\vendor\codeigniter4\framework\system\CodeIgniter.php(326): CodeIgniter\CodeIgniter->handleRequest(NULL, Object(Config\Cache), false)
#7 E:\AQUIVOS LOCAIS TCC\tcc-igniter\trabalho\public\index.php(37): CodeIgniter\CodeIgniter->run()
#8 E:\AQUIVOS LOCAIS TCC\tcc-igniter\trabalho\vendor\codeigniter4\framework\system\Commands\Server\rewrite.php(43): require_once('E:\\AQUIVOS LOCA...')
#9 {main}
CRITICAL - 2023-03-23 07:10:06 --> Call to undefined function form_open()
#0 E:\AQUIVOS LOCAIS TCC\tcc-igniter\trabalho\vendor\codeigniter4\framework\system\View\View.php(210): include()
#1 E:\AQUIVOS LOCAIS TCC\tcc-igniter\trabalho\vendor\codeigniter4\framework\system\View\View.php(213): CodeIgniter\View\View->CodeIgniter\View\{closure}()
#2 E:\AQUIVOS LOCAIS TCC\tcc-igniter\trabalho\vendor\codeigniter4\framework\system\Common.php(1089): CodeIgniter\View\View->render('registro', Array, true)
#3 E:\AQUIVOS LOCAIS TCC\tcc-igniter\trabalho\app\Controllers\Home.php(37): view('registro')
#4 E:\AQUIVOS LOCAIS TCC\tcc-igniter\trabalho\vendor\codeigniter4\framework\system\CodeIgniter.php(832): App\Controllers\Home->registro()
#5 E:\AQUIVOS LOCAIS TCC\tcc-igniter\trabalho\vendor\codeigniter4\framework\system\CodeIgniter.php(419): CodeIgniter\CodeIgniter->runController(Object(App\Controllers\Home))
#6 E:\AQUIVOS LOCAIS TCC\tcc-igniter\trabalho\vendor\codeigniter4\framework\system\CodeIgniter.php(326): CodeIgniter\CodeIgniter->handleRequest(NULL, Object(Config\Cache), false)
#7 E:\AQUIVOS LOCAIS TCC\tcc-igniter\trabalho\public\index.php(37): CodeIgniter\CodeIgniter->run()
#8 E:\AQUIVOS LOCAIS TCC\tcc-igniter\trabalho\vendor\codeigniter4\framework\system\Commands\Server\rewrite.php(43): require_once('E:\\AQUIVOS LOCA...')
#9 {main}
CRITICAL - 2023-03-23 18:45:44 --> Call to undefined function form_open()
#0 D:\AQUIVOS LOCAIS TCC\tcc-igniter\trabalho\vendor\codeigniter4\framework\system\View\View.php(210): include()
#1 D:\AQUIVOS LOCAIS TCC\tcc-igniter\trabalho\vendor\codeigniter4\framework\system\View\View.php(213): CodeIgniter\View\View->CodeIgniter\View\{closure}()
#2 D:\AQUIVOS LOCAIS TCC\tcc-igniter\trabalho\vendor\codeigniter4\framework\system\Common.php(1089): CodeIgniter\View\View->render('registro', Array, true)
#3 D:\AQUIVOS LOCAIS TCC\tcc-igniter\trabalho\app\Controllers\Home.php(37): view('registro')
#4 D:\AQUIVOS LOCAIS TCC\tcc-igniter\trabalho\vendor\codeigniter4\framework\system\CodeIgniter.php(832): App\Controllers\Home->registro()
#5 D:\AQUIVOS LOCAIS TCC\tcc-igniter\trabalho\vendor\codeigniter4\framework\system\CodeIgniter.php(419): CodeIgniter\CodeIgniter->runController(Object(App\Controllers\Home))
#6 D:\AQUIVOS LOCAIS TCC\tcc-igniter\trabalho\vendor\codeigniter4\framework\system\CodeIgniter.php(326): CodeIgniter\CodeIgniter->handleRequest(NULL, Object(Config\Cache), false)
#7 D:\AQUIVOS LOCAIS TCC\tcc-igniter\trabalho\public\index.php(37): CodeIgniter\CodeIgniter->run()
#8 D:\AQUIVOS LOCAIS TCC\tcc-igniter\trabalho\vendor\codeigniter4\framework\system\Commands\Server\rewrite.php(43): require_once('D:\\AQUIVOS LOCA...')
#9 {main}
CRITICAL - 2023-03-23 18:49:03 --> Call to undefined function form_open()
#0 D:\AQUIVOS LOCAIS TCC\tcc-igniter\trabalho\vendor\codeigniter4\framework\system\View\View.php(210): include()
#1 D:\AQUIVOS LOCAIS TCC\tcc-igniter\trabalho\vendor\codeigniter4\framework\system\View\View.php(213): CodeIgniter\View\View->CodeIgniter\View\{closure}()
#2 D:\AQUIVOS LOCAIS TCC\tcc-igniter\trabalho\vendor\codeigniter4\framework\system\Common.php(1089): CodeIgniter\View\View->render('registro', Array, true)
#3 D:\AQUIVOS LOCAIS TCC\tcc-igniter\trabalho\app\Controllers\Home.php(37): view('registro')
#4 D:\AQUIVOS LOCAIS TCC\tcc-igniter\trabalho\vendor\codeigniter4\framework\system\CodeIgniter.php(832): App\Controllers\Home->registro()
#5 D:\AQUIVOS LOCAIS TCC\tcc-igniter\trabalho\vendor\codeigniter4\framework\system\CodeIgniter.php(419): CodeIgniter\CodeIgniter->runController(Object(App\Controllers\Home))
#6 D:\AQUIVOS LOCAIS TCC\tcc-igniter\trabalho\vendor\codeigniter4\framework\system\CodeIgniter.php(326): CodeIgniter\CodeIgniter->handleRequest(NULL, Object(Config\Cache), false)
#7 D:\AQUIVOS LOCAIS TCC\tcc-igniter\trabalho\public\index.php(37): CodeIgniter\CodeIgniter->run()
#8 D:\AQUIVOS LOCAIS TCC\tcc-igniter\trabalho\vendor\codeigniter4\framework\system\Commands\Server\rewrite.php(43): require_once('D:\\AQUIVOS LOCA...')
#9 {main}
CRITICAL - 2023-03-23 19:22:34 --> Cannot declare class App\Controllers\Admin\Produto, because the name is already in use
#0 [internal function]: CodeIgniter\Debug\Exceptions->shutdownHandler()
#1 {main}
CRITICAL - 2023-03-23 19:28:02 --> Cannot declare class App\Controllers\Admin\Produto, because the name is already in use
#0 [internal function]: CodeIgniter\Debug\Exceptions->shutdownHandler()
#1 {main}
CRITICAL - 2023-03-23 19:28:13 --> Cannot declare class App\Controllers\Admin\Produto, because the name is already in use
#0 [internal function]: CodeIgniter\Debug\Exceptions->shutdownHandler()
#1 {main}
ERROR - 2023-03-23 19:32:58 --> Error connecting to the database: Unknown database 'estacionamento_mariah'
CRITICAL - 2023-03-23 19:32:58 --> Unable to connect to the database.
Main connection [MySQLi]: Unknown database 'estacionamento_mariah'
#0 D:\AQUIVOS LOCAIS TCC\tcc-igniter\trabalho\vendor\codeigniter4\framework\system\Database\BaseConnection.php(577): CodeIgniter\Database\BaseConnection->initialize()
#1 D:\AQUIVOS LOCAIS TCC\tcc-igniter\trabalho\vendor\codeigniter4\framework\system\Database\BaseBuilder.php(1771): CodeIgniter\Database\BaseConnection->query('INSERT INTO `es...', Array, false)
#2 D:\AQUIVOS LOCAIS TCC\tcc-igniter\trabalho\vendor\codeigniter4\framework\system\Model.php(239): CodeIgniter\Database\BaseBuilder->insert()
#3 D:\AQUIVOS LOCAIS TCC\tcc-igniter\trabalho\vendor\codeigniter4\framework\system\BaseModel.php(738): CodeIgniter\Model->doInsert(Array)
#4 D:\AQUIVOS LOCAIS TCC\tcc-igniter\trabalho\vendor\codeigniter4\framework\system\Model.php(625): CodeIgniter\BaseModel->insert(Array, false)
#5 D:\AQUIVOS LOCAIS TCC\tcc-igniter\trabalho\vendor\codeigniter4\framework\system\BaseModel.php(658): CodeIgniter\Model->insert(Array, false)
#6 D:\AQUIVOS LOCAIS TCC\tcc-igniter\trabalho\app\Controllers\Admin\Registro.php(27): CodeIgniter\BaseModel->save(Array)
#7 D:\AQUIVOS LOCAIS TCC\tcc-igniter\trabalho\vendor\codeigniter4\framework\system\CodeIgniter.php(832): App\Controllers\Admin\Registro->registrar()
#8 D:\AQUIVOS LOCAIS TCC\tcc-igniter\trabalho\vendor\codeigniter4\framework\system\CodeIgniter.php(419): CodeIgniter\CodeIgniter->runController(Object(App\Controllers\Admin\Registro))
#9 D:\AQUIVOS LOCAIS TCC\tcc-igniter\trabalho\vendor\codeigniter4\framework\system\CodeIgniter.php(326): CodeIgniter\CodeIgniter->handleRequest(NULL, Object(Config\Cache), false)
#10 D:\AQUIVOS LOCAIS TCC\tcc-igniter\trabalho\public\index.php(37): CodeIgniter\CodeIgniter->run()
#11 D:\AQUIVOS LOCAIS TCC\tcc-igniter\trabalho\vendor\codeigniter4\framework\system\Commands\Server\rewrite.php(43): require_once('D:\\AQUIVOS LOCA...')
#12 {main}
CRITICAL - 2023-03-23 20:07:45 --> Undefined variable: estacionamento
#0 D:\AQUIVOS LOCAIS TCC\tcc-igniter\trabalho\app\Views\registro.php(104): CodeIgniter\Debug\Exceptions->errorHandler(8, 'Undefined varia...', 'D:\\AQUIVOS LOCA...', 104, Array)
#1 D:\AQUIVOS LOCAIS TCC\tcc-igniter\trabalho\vendor\codeigniter4\framework\system\View\View.php(210): include('D:\\AQUIVOS LOCA...')
#2 D:\AQUIVOS LOCAIS TCC\tcc-igniter\trabalho\vendor\codeigniter4\framework\system\View\View.php(213): CodeIgniter\View\View->CodeIgniter\View\{closure}()
#3 D:\AQUIVOS LOCAIS TCC\tcc-igniter\trabalho\vendor\codeigniter4\framework\system\Common.php(1089): CodeIgniter\View\View->render('registro', Array, true)
#4 D:\AQUIVOS LOCAIS TCC\tcc-igniter\trabalho\app\Controllers\Home.php(37): view('registro')
#5 D:\AQUIVOS LOCAIS TCC\tcc-igniter\trabalho\vendor\codeigniter4\framework\system\CodeIgniter.php(832): App\Controllers\Home->registro()
#6 D:\AQUIVOS LOCAIS TCC\tcc-igniter\trabalho\vendor\codeigniter4\framework\system\CodeIgniter.php(419): CodeIgniter\CodeIgniter->runController(Object(App\Controllers\Home))
#7 D:\AQUIVOS LOCAIS TCC\tcc-igniter\trabalho\vendor\codeigniter4\framework\system\CodeIgniter.php(326): CodeIgniter\CodeIgniter->handleRequest(NULL, Object(Config\Cache), false)
#8 D:\AQUIVOS LOCAIS TCC\tcc-igniter\trabalho\public\index.php(37): CodeIgniter\CodeIgniter->run()
#9 D:\AQUIVOS LOCAIS TCC\tcc-igniter\trabalho\vendor\codeigniter4\framework\system\Commands\Server\rewrite.php(43): require_once('D:\\AQUIVOS LOCA...')
#10 {main}
CRITICAL - 2023-03-23 20:14:37 --> Undefined variable: estacionamento
#0 D:\AQUIVOS LOCAIS TCC\tcc-igniter\trabalho\app\Views\registro.php(104): CodeIgniter\Debug\Exceptions->errorHandler(8, 'Undefined varia...', 'D:\\AQUIVOS LOCA...', 104, Array)
#1 D:\AQUIVOS LOCAIS TCC\tcc-igniter\trabalho\vendor\codeigniter4\framework\system\View\View.php(210): include('D:\\AQUIVOS LOCA...')
#2 D:\AQUIVOS LOCAIS TCC\tcc-igniter\trabalho\vendor\codeigniter4\framework\system\View\View.php(213): CodeIgniter\View\View->CodeIgniter\View\{closure}()
#3 D:\AQUIVOS LOCAIS TCC\tcc-igniter\trabalho\vendor\codeigniter4\framework\system\Common.php(1089): CodeIgniter\View\View->render('registro', Array, true)
#4 D:\AQUIVOS LOCAIS TCC\tcc-igniter\trabalho\app\Controllers\Home.php(37): view('registro')
#5 D:\AQUIVOS LOCAIS TCC\tcc-igniter\trabalho\vendor\codeigniter4\framework\system\CodeIgniter.php(832): App\Controllers\Home->registro()
#6 D:\AQUIVOS LOCAIS TCC\tcc-igniter\trabalho\vendor\codeigniter4\framework\system\CodeIgniter.php(419): CodeIgniter\CodeIgniter->runController(Object(App\Controllers\Home))
#7 D:\AQUIVOS LOCAIS TCC\tcc-igniter\trabalho\vendor\codeigniter4\framework\system\CodeIgniter.php(326): CodeIgniter\CodeIgniter->handleRequest(NULL, Object(Config\Cache), false)
#8 D:\AQUIVOS LOCAIS TCC\tcc-igniter\trabalho\public\index.php(37): CodeIgniter\CodeIgniter->run()
#9 D:\AQUIVOS LOCAIS TCC\tcc-igniter\trabalho\vendor\codeigniter4\framework\system\Commands\Server\rewrite.php(43): require_once('D:\\AQUIVOS LOCA...')
#10 {main}
CRITICAL - 2023-03-23 20:14:38 --> Undefined variable: estacionamento
#0 D:\AQUIVOS LOCAIS TCC\tcc-igniter\trabalho\app\Views\registro.php(104): CodeIgniter\Debug\Exceptions->errorHandler(8, 'Undefined varia...', 'D:\\AQUIVOS LOCA...', 104, Array)
#1 D:\AQUIVOS LOCAIS TCC\tcc-igniter\trabalho\vendor\codeigniter4\framework\system\View\View.php(210): include('D:\\AQUIVOS LOCA...')
#2 D:\AQUIVOS LOCAIS TCC\tcc-igniter\trabalho\vendor\codeigniter4\framework\system\View\View.php(213): CodeIgniter\View\View->CodeIgniter\View\{closure}()
#3 D:\AQUIVOS LOCAIS TCC\tcc-igniter\trabalho\vendor\codeigniter4\framework\system\Common.php(1089): CodeIgniter\View\View->render('registro', Array, true)
#4 D:\AQUIVOS LOCAIS TCC\tcc-igniter\trabalho\app\Controllers\Home.php(37): view('registro')
#5 D:\AQUIVOS LOCAIS TCC\tcc-igniter\trabalho\vendor\codeigniter4\framework\system\CodeIgniter.php(832): App\Controllers\Home->registro()
#6 D:\AQUIVOS LOCAIS TCC\tcc-igniter\trabalho\vendor\codeigniter4\framework\system\CodeIgniter.php(419): CodeIgniter\CodeIgniter->runController(Object(App\Controllers\Home))
#7 D:\AQUIVOS LOCAIS TCC\tcc-igniter\trabalho\vendor\codeigniter4\framework\system\CodeIgniter.php(326): CodeIgniter\CodeIgniter->handleRequest(NULL, Object(Config\Cache), false)
#8 D:\AQUIVOS LOCAIS TCC\tcc-igniter\trabalho\public\index.php(37): CodeIgniter\CodeIgniter->run()
#9 D:\AQUIVOS LOCAIS TCC\tcc-igniter\trabalho\vendor\codeigniter4\framework\system\Commands\Server\rewrite.php(43): require_once('D:\\AQUIVOS LOCA...')
#10 {main}
CRITICAL - 2023-03-23 20:14:39 --> Undefined variable: estacionamento
#0 D:\AQUIVOS LOCAIS TCC\tcc-igniter\trabalho\app\Views\registro.php(104): CodeIgniter\Debug\Exceptions->errorHandler(8, 'Undefined varia...', 'D:\\AQUIVOS LOCA...', 104, Array)
#1 D:\AQUIVOS LOCAIS TCC\tcc-igniter\trabalho\vendor\codeigniter4\framework\system\View\View.php(210): include('D:\\AQUIVOS LOCA...')
#2 D:\AQUIVOS LOCAIS TCC\tcc-igniter\trabalho\vendor\codeigniter4\framework\system\View\View.php(213): CodeIgniter\View\View->CodeIgniter\View\{closure}()
#3 D:\AQUIVOS LOCAIS TCC\tcc-igniter\trabalho\vendor\codeigniter4\framework\system\Common.php(1089): CodeIgniter\View\View->render('registro', Array, true)
#4 D:\AQUIVOS LOCAIS TCC\tcc-igniter\trabalho\app\Controllers\Home.php(37): view('registro')
#5 D:\AQUIVOS LOCAIS TCC\tcc-igniter\trabalho\vendor\codeigniter4\framework\system\CodeIgniter.php(832): App\Controllers\Home->registro()
#6 D:\AQUIVOS LOCAIS TCC\tcc-igniter\trabalho\vendor\codeigniter4\framework\system\CodeIgniter.php(419): CodeIgniter\CodeIgniter->runController(Object(App\Controllers\Home))
#7 D:\AQUIVOS LOCAIS TCC\tcc-igniter\trabalho\vendor\codeigniter4\framework\system\CodeIgniter.php(326): CodeIgniter\CodeIgniter->handleRequest(NULL, Object(Config\Cache), false)
#8 D:\AQUIVOS LOCAIS TCC\tcc-igniter\trabalho\public\index.php(37): CodeIgniter\CodeIgniter->run()
#9 D:\AQUIVOS LOCAIS TCC\tcc-igniter\trabalho\vendor\codeigniter4\framework\system\Commands\Server\rewrite.php(43): require_once('D:\\AQUIVOS LOCA...')
#10 {main}
CRITICAL - 2023-03-23 20:14:40 --> Undefined variable: estacionamento
#0 D:\AQUIVOS LOCAIS TCC\tcc-igniter\trabalho\app\Views\registro.php(104): CodeIgniter\Debug\Exceptions->errorHandler(8, 'Undefined varia...', 'D:\\AQUIVOS LOCA...', 104, Array)
#1 D:\AQUIVOS LOCAIS TCC\tcc-igniter\trabalho\vendor\codeigniter4\framework\system\View\View.php(210): include('D:\\AQUIVOS LOCA...')
#2 D:\AQUIVOS LOCAIS TCC\tcc-igniter\trabalho\vendor\codeigniter4\framework\system\View\View.php(213): CodeIgniter\View\View->CodeIgniter\View\{closure}()
#3 D:\AQUIVOS LOCAIS TCC\tcc-igniter\trabalho\vendor\codeigniter4\framework\system\Common.php(1089): CodeIgniter\View\View->render('registro', Array, true)
#4 D:\AQUIVOS LOCAIS TCC\tcc-igniter\trabalho\app\Controllers\Home.php(37): view('registro')
#5 D:\AQUIVOS LOCAIS TCC\tcc-igniter\trabalho\vendor\codeigniter4\framework\system\CodeIgniter.php(832): App\Controllers\Home->registro()
#6 D:\AQUIVOS LOCAIS TCC\tcc-igniter\trabalho\vendor\codeigniter4\framework\system\CodeIgniter.php(419): CodeIgniter\CodeIgniter->runController(Object(App\Controllers\Home))
#7 D:\AQUIVOS LOCAIS TCC\tcc-igniter\trabalho\vendor\codeigniter4\framework\system\CodeIgniter.php(326): CodeIgniter\CodeIgniter->handleRequest(NULL, Object(Config\Cache), false)
#8 D:\AQUIVOS LOCAIS TCC\tcc-igniter\trabalho\public\index.php(37): CodeIgniter\CodeIgniter->run()
#9 D:\AQUIVOS LOCAIS TCC\tcc-igniter\trabalho\vendor\codeigniter4\framework\system\Commands\Server\rewrite.php(43): require_once('D:\\AQUIVOS LOCA...')
#10 {main}
CRITICAL - 2023-03-23 20:24:11 --> Undefined variable: estacionamento
#0 D:\AQUIVOS LOCAIS TCC\tcc-igniter\trabalho\app\Views\registro.php(104): CodeIgniter\Debug\Exceptions->errorHandler(8, 'Undefined varia...', 'D:\\AQUIVOS LOCA...', 104, Array)
#1 D:\AQUIVOS LOCAIS TCC\tcc-igniter\trabalho\vendor\codeigniter4\framework\system\View\View.php(210): include('D:\\AQUIVOS LOCA...')
#2 D:\AQUIVOS LOCAIS TCC\tcc-igniter\trabalho\vendor\codeigniter4\framework\system\View\View.php(213): CodeIgniter\View\View->CodeIgniter\View\{closure}()
#3 D:\AQUIVOS LOCAIS TCC\tcc-igniter\trabalho\vendor\codeigniter4\framework\system\Common.php(1089): CodeIgniter\View\View->render('registro', Array, true)
#4 D:\AQUIVOS LOCAIS TCC\tcc-igniter\trabalho\app\Controllers\Home.php(37): view('registro')
#5 D:\AQUIVOS LOCAIS TCC\tcc-igniter\trabalho\vendor\codeigniter4\framework\system\CodeIgniter.php(832): App\Controllers\Home->registro()
#6 D:\AQUIVOS LOCAIS TCC\tcc-igniter\trabalho\vendor\codeigniter4\framework\system\CodeIgniter.php(419): CodeIgniter\CodeIgniter->runController(Object(App\Controllers\Home))
#7 D:\AQUIVOS LOCAIS TCC\tcc-igniter\trabalho\vendor\codeigniter4\framework\system\CodeIgniter.php(326): CodeIgniter\CodeIgniter->handleRequest(NULL, Object(Config\Cache), false)
#8 D:\AQUIVOS LOCAIS TCC\tcc-igniter\trabalho\public\index.php(37): CodeIgniter\CodeIgniter->run()
#9 D:\AQUIVOS LOCAIS TCC\tcc-igniter\trabalho\vendor\codeigniter4\framework\system\Commands\Server\rewrite.php(43): require_once('D:\\AQUIVOS LOCA...')
#10 {main}
CRITICAL - 2023-03-23 20:25:52 --> Undefined variable: estacionamento
#0 D:\AQUIVOS LOCAIS TCC\tcc-igniter\trabalho\app\Views\registro.php(104): CodeIgniter\Debug\Exceptions->errorHandler(8, 'Undefined varia...', 'D:\\AQUIVOS LOCA...', 104, Array)
#1 D:\AQUIVOS LOCAIS TCC\tcc-igniter\trabalho\vendor\codeigniter4\framework\system\View\View.php(210): include('D:\\AQUIVOS LOCA...')
#2 D:\AQUIVOS LOCAIS TCC\tcc-igniter\trabalho\vendor\codeigniter4\framework\system\View\View.php(213): CodeIgniter\View\View->CodeIgniter\View\{closure}()
#3 D:\AQUIVOS LOCAIS TCC\tcc-igniter\trabalho\vendor\codeigniter4\framework\system\Common.php(1089): CodeIgniter\View\View->render('registro', Array, true)
#4 D:\AQUIVOS LOCAIS TCC\tcc-igniter\trabalho\app\Controllers\Home.php(37): view('registro')
#5 D:\AQUIVOS LOCAIS TCC\tcc-igniter\trabalho\vendor\codeigniter4\framework\system\CodeIgniter.php(832): App\Controllers\Home->registro()
#6 D:\AQUIVOS LOCAIS TCC\tcc-igniter\trabalho\vendor\codeigniter4\framework\system\CodeIgniter.php(419): CodeIgniter\CodeIgniter->runController(Object(App\Controllers\Home))
#7 D:\AQUIVOS LOCAIS TCC\tcc-igniter\trabalho\vendor\codeigniter4\framework\system\CodeIgniter.php(326): CodeIgniter\CodeIgniter->handleRequest(NULL, Object(Config\Cache), false)
#8 D:\AQUIVOS LOCAIS TCC\tcc-igniter\trabalho\public\index.php(37): CodeIgniter\CodeIgniter->run()
#9 D:\AQUIVOS LOCAIS TCC\tcc-igniter\trabalho\vendor\codeigniter4\framework\system\Commands\Server\rewrite.php(43): require_once('D:\\AQUIVOS LOCA...')
#10 {main}
CRITICAL - 2023-03-23 20:27:12 --> Undefined variable: estacionamento
#0 D:\AQUIVOS LOCAIS TCC\tcc-igniter\trabalho\app\Views\registro.php(104): CodeIgniter\Debug\Exceptions->errorHandler(8, 'Undefined varia...', 'D:\\AQUIVOS LOCA...', 104, Array)
#1 D:\AQUIVOS LOCAIS TCC\tcc-igniter\trabalho\vendor\codeigniter4\framework\system\View\View.php(210): include('D:\\AQUIVOS LOCA...')
#2 D:\AQUIVOS LOCAIS TCC\tcc-igniter\trabalho\vendor\codeigniter4\framework\system\View\View.php(213): CodeIgniter\View\View->CodeIgniter\View\{closure}()
#3 D:\AQUIVOS LOCAIS TCC\tcc-igniter\trabalho\vendor\codeigniter4\framework\system\Common.php(1089): CodeIgniter\View\View->render('registro', Array, true)
#4 D:\AQUIVOS LOCAIS TCC\tcc-igniter\trabalho\app\Controllers\Home.php(37): view('registro')
#5 D:\AQUIVOS LOCAIS TCC\tcc-igniter\trabalho\vendor\codeigniter4\framework\system\CodeIgniter.php(832): App\Controllers\Home->registro()
#6 D:\AQUIVOS LOCAIS TCC\tcc-igniter\trabalho\vendor\codeigniter4\framework\system\CodeIgniter.php(419): CodeIgniter\CodeIgniter->runController(Object(App\Controllers\Home))
#7 D:\AQUIVOS LOCAIS TCC\tcc-igniter\trabalho\vendor\codeigniter4\framework\system\CodeIgniter.php(326): CodeIgniter\CodeIgniter->handleRequest(NULL, Object(Config\Cache), false)
#8 D:\AQUIVOS LOCAIS TCC\tcc-igniter\trabalho\public\index.php(37): CodeIgniter\CodeIgniter->run()
#9 D:\AQUIVOS LOCAIS TCC\tcc-igniter\trabalho\vendor\codeigniter4\framework\system\Commands\Server\rewrite.php(43): require_once('D:\\AQUIVOS LOCA...')
#10 {main}
CRITICAL - 2023-03-23 20:40:21 --> Undefined variable: estacionamento
#0 D:\AQUIVOS LOCAIS TCC\tcc-igniter\trabalho\app\Views\registro.php(104): CodeIgniter\Debug\Exceptions->errorHandler(8, 'Undefined varia...', 'D:\\AQUIVOS LOCA...', 104, Array)
#1 D:\AQUIVOS LOCAIS TCC\tcc-igniter\trabalho\vendor\codeigniter4\framework\system\View\View.php(210): include('D:\\AQUIVOS LOCA...')
#2 D:\AQUIVOS LOCAIS TCC\tcc-igniter\trabalho\vendor\codeigniter4\framework\system\View\View.php(213): CodeIgniter\View\View->CodeIgniter\View\{closure}()
#3 D:\AQUIVOS LOCAIS TCC\tcc-igniter\trabalho\vendor\codeigniter4\framework\system\Common.php(1089): CodeIgniter\View\View->render('registro', Array, true)
#4 D:\AQUIVOS LOCAIS TCC\tcc-igniter\trabalho\app\Controllers\Home.php(37): view('registro')
#5 D:\AQUIVOS LOCAIS TCC\tcc-igniter\trabalho\vendor\codeigniter4\framework\system\CodeIgniter.php(832): App\Controllers\Home->registro()
#6 D:\AQUIVOS LOCAIS TCC\tcc-igniter\trabalho\vendor\codeigniter4\framework\system\CodeIgniter.php(419): CodeIgniter\CodeIgniter->runController(Object(App\Controllers\Home))
#7 D:\AQUIVOS LOCAIS TCC\tcc-igniter\trabalho\vendor\codeigniter4\framework\system\CodeIgniter.php(326): CodeIgniter\CodeIgniter->handleRequest(NULL, Object(Config\Cache), false)
#8 D:\AQUIVOS LOCAIS TCC\tcc-igniter\trabalho\public\index.php(37): CodeIgniter\CodeIgniter->run()
#9 D:\AQUIVOS LOCAIS TCC\tcc-igniter\trabalho\vendor\codeigniter4\framework\system\Commands\Server\rewrite.php(43): require_once('D:\\AQUIVOS LOCA...')
#10 {main}
CRITICAL - 2023-03-23 20:40:24 --> Undefined variable: estacionamento
#0 D:\AQUIVOS LOCAIS TCC\tcc-igniter\trabalho\app\Views\registro.php(104): CodeIgniter\Debug\Exceptions->errorHandler(8, 'Undefined varia...', 'D:\\AQUIVOS LOCA...', 104, Array)
#1 D:\AQUIVOS LOCAIS TCC\tcc-igniter\trabalho\vendor\codeigniter4\framework\system\View\View.php(210): include('D:\\AQUIVOS LOCA...')
#2 D:\AQUIVOS LOCAIS TCC\tcc-igniter\trabalho\vendor\codeigniter4\framework\system\View\View.php(213): CodeIgniter\View\View->CodeIgniter\View\{closure}()
#3 D:\AQUIVOS LOCAIS TCC\tcc-igniter\trabalho\vendor\codeigniter4\framework\system\Common.php(1089): CodeIgniter\View\View->render('registro', Array, true)
#4 D:\AQUIVOS LOCAIS TCC\tcc-igniter\trabalho\app\Controllers\Home.php(37): view('registro')
#5 D:\AQUIVOS LOCAIS TCC\tcc-igniter\trabalho\vendor\codeigniter4\framework\system\CodeIgniter.php(832): App\Controllers\Home->registro()
#6 D:\AQUIVOS LOCAIS TCC\tcc-igniter\trabalho\vendor\codeigniter4\framework\system\CodeIgniter.php(419): CodeIgniter\CodeIgniter->runController(Object(App\Controllers\Home))
#7 D:\AQUIVOS LOCAIS TCC\tcc-igniter\trabalho\vendor\codeigniter4\framework\system\CodeIgniter.php(326): CodeIgniter\CodeIgniter->handleRequest(NULL, Object(Config\Cache), false)
#8 D:\AQUIVOS LOCAIS TCC\tcc-igniter\trabalho\public\index.php(37): CodeIgniter\CodeIgniter->run()
#9 D:\AQUIVOS LOCAIS TCC\tcc-igniter\trabalho\vendor\codeigniter4\framework\system\Commands\Server\rewrite.php(43): require_once('D:\\AQUIVOS LOCA...')
#10 {main}
CRITICAL - 2023-03-23 20:40:28 --> Undefined variable: estacionamento
#0 D:\AQUIVOS LOCAIS TCC\tcc-igniter\trabalho\app\Views\registro.php(104): CodeIgniter\Debug\Exceptions->errorHandler(8, 'Undefined varia...', 'D:\\AQUIVOS LOCA...', 104, Array)
#1 D:\AQUIVOS LOCAIS TCC\tcc-igniter\trabalho\vendor\codeigniter4\framework\system\View\View.php(210): include('D:\\AQUIVOS LOCA...')
#2 D:\AQUIVOS LOCAIS TCC\tcc-igniter\trabalho\vendor\codeigniter4\framework\system\View\View.php(213): CodeIgniter\View\View->CodeIgniter\View\{closure}()
#3 D:\AQUIVOS LOCAIS TCC\tcc-igniter\trabalho\vendor\codeigniter4\framework\system\Common.php(1089): CodeIgniter\View\View->render('registro', Array, true)
#4 D:\AQUIVOS LOCAIS TCC\tcc-igniter\trabalho\app\Controllers\Home.php(37): view('registro')
#5 D:\AQUIVOS LOCAIS TCC\tcc-igniter\trabalho\vendor\codeigniter4\framework\system\CodeIgniter.php(832): App\Controllers\Home->registro()
#6 D:\AQUIVOS LOCAIS TCC\tcc-igniter\trabalho\vendor\codeigniter4\framework\system\CodeIgniter.php(419): CodeIgniter\CodeIgniter->runController(Object(App\Controllers\Home))
#7 D:\AQUIVOS LOCAIS TCC\tcc-igniter\trabalho\vendor\codeigniter4\framework\system\CodeIgniter.php(326): CodeIgniter\CodeIgniter->handleRequest(NULL, Object(Config\Cache), false)
#8 D:\AQUIVOS LOCAIS TCC\tcc-igniter\trabalho\public\index.php(37): CodeIgniter\CodeIgniter->run()
#9 D:\AQUIVOS LOCAIS TCC\tcc-igniter\trabalho\vendor\codeigniter4\framework\system\Commands\Server\rewrite.php(43): require_once('D:\\AQUIVOS LOCA...')
#10 {main}
CRITICAL - 2023-03-23 20:43:01 --> Undefined variable: estacionamento
#0 D:\AQUIVOS LOCAIS TCC\tcc-igniter\trabalho\app\Views\registro.php(104): CodeIgniter\Debug\Exceptions->errorHandler(8, 'Undefined varia...', 'D:\\AQUIVOS LOCA...', 104, Array)
#1 D:\AQUIVOS LOCAIS TCC\tcc-igniter\trabalho\vendor\codeigniter4\framework\system\View\View.php(210): include('D:\\AQUIVOS LOCA...')
#2 D:\AQUIVOS LOCAIS TCC\tcc-igniter\trabalho\vendor\codeigniter4\framework\system\View\View.php(213): CodeIgniter\View\View->CodeIgniter\View\{closure}()
#3 D:\AQUIVOS LOCAIS TCC\tcc-igniter\trabalho\vendor\codeigniter4\framework\system\Common.php(1089): CodeIgniter\View\View->render('registro', Array, true)
#4 D:\AQUIVOS LOCAIS TCC\tcc-igniter\trabalho\app\Controllers\Home.php(37): view('registro')
#5 D:\AQUIVOS LOCAIS TCC\tcc-igniter\trabalho\vendor\codeigniter4\framework\system\CodeIgniter.php(832): App\Controllers\Home->registro()
#6 D:\AQUIVOS LOCAIS TCC\tcc-igniter\trabalho\vendor\codeigniter4\framework\system\CodeIgniter.php(419): CodeIgniter\CodeIgniter->runController(Object(App\Controllers\Home))
#7 D:\AQUIVOS LOCAIS TCC\tcc-igniter\trabalho\vendor\codeigniter4\framework\system\CodeIgniter.php(326): CodeIgniter\CodeIgniter->handleRequest(NULL, Object(Config\Cache), false)
#8 D:\AQUIVOS LOCAIS TCC\tcc-igniter\trabalho\public\index.php(37): CodeIgniter\CodeIgniter->run()
#9 D:\AQUIVOS LOCAIS TCC\tcc-igniter\trabalho\vendor\codeigniter4\framework\system\Commands\Server\rewrite.php(43): require_once('D:\\AQUIVOS LOCA...')
#10 {main}
CRITICAL - 2023-03-23 20:43:01 --> Undefined variable: estacionamento
#0 D:\AQUIVOS LOCAIS TCC\tcc-igniter\trabalho\app\Views\registro.php(104): CodeIgniter\Debug\Exceptions->errorHandler(8, 'Undefined varia...', 'D:\\AQUIVOS LOCA...', 104, Array)
#1 D:\AQUIVOS LOCAIS TCC\tcc-igniter\trabalho\vendor\codeigniter4\framework\system\View\View.php(210): include('D:\\AQUIVOS LOCA...')
#2 D:\AQUIVOS LOCAIS TCC\tcc-igniter\trabalho\vendor\codeigniter4\framework\system\View\View.php(213): CodeIgniter\View\View->CodeIgniter\View\{closure}()
#3 D:\AQUIVOS LOCAIS TCC\tcc-igniter\trabalho\vendor\codeigniter4\framework\system\Common.php(1089): CodeIgniter\View\View->render('registro', Array, true)
#4 D:\AQUIVOS LOCAIS TCC\tcc-igniter\trabalho\app\Controllers\Home.php(37): view('registro')
#5 D:\AQUIVOS LOCAIS TCC\tcc-igniter\trabalho\vendor\codeigniter4\framework\system\CodeIgniter.php(832): App\Controllers\Home->registro()
#6 D:\AQUIVOS LOCAIS TCC\tcc-igniter\trabalho\vendor\codeigniter4\framework\system\CodeIgniter.php(419): CodeIgniter\CodeIgniter->runController(Object(App\Controllers\Home))
#7 D:\AQUIVOS LOCAIS TCC\tcc-igniter\trabalho\vendor\codeigniter4\framework\system\CodeIgniter.php(326): CodeIgniter\CodeIgniter->handleRequest(NULL, Object(Config\Cache), false)
#8 D:\AQUIVOS LOCAIS TCC\tcc-igniter\trabalho\public\index.php(37): CodeIgniter\CodeIgniter->run()
#9 D:\AQUIVOS LOCAIS TCC\tcc-igniter\trabalho\vendor\codeigniter4\framework\system\Commands\Server\rewrite.php(43): require_once('D:\\AQUIVOS LOCA...')
#10 {main}
CRITICAL - 2023-03-23 20:43:01 --> Undefined variable: estacionamento
#0 D:\AQUIVOS LOCAIS TCC\tcc-igniter\trabalho\app\Views\registro.php(104): CodeIgniter\Debug\Exceptions->errorHandler(8, 'Undefined varia...', 'D:\\AQUIVOS LOCA...', 104, Array)
#1 D:\AQUIVOS LOCAIS TCC\tcc-igniter\trabalho\vendor\codeigniter4\framework\system\View\View.php(210): include('D:\\AQUIVOS LOCA...')
#2 D:\AQUIVOS LOCAIS TCC\tcc-igniter\trabalho\vendor\codeigniter4\framework\system\View\View.php(213): CodeIgniter\View\View->CodeIgniter\View\{closure}()
#3 D:\AQUIVOS LOCAIS TCC\tcc-igniter\trabalho\vendor\codeigniter4\framework\system\Common.php(1089): CodeIgniter\View\View->render('registro', Array, true)
#4 D:\AQUIVOS LOCAIS TCC\tcc-igniter\trabalho\app\Controllers\Home.php(37): view('registro')
#5 D:\AQUIVOS LOCAIS TCC\tcc-igniter\trabalho\vendor\codeigniter4\framework\system\CodeIgniter.php(832): App\Controllers\Home->registro()
#6 D:\AQUIVOS LOCAIS TCC\tcc-igniter\trabalho\vendor\codeigniter4\framework\system\CodeIgniter.php(419): CodeIgniter\CodeIgniter->runController(Object(App\Controllers\Home))
#7 D:\AQUIVOS LOCAIS TCC\tcc-igniter\trabalho\vendor\codeigniter4\framework\system\CodeIgniter.php(326): CodeIgniter\CodeIgniter->handleRequest(NULL, Object(Config\Cache), false)
#8 D:\AQUIVOS LOCAIS TCC\tcc-igniter\trabalho\public\index.php(37): CodeIgniter\CodeIgniter->run()
#9 D:\AQUIVOS LOCAIS TCC\tcc-igniter\trabalho\vendor\codeigniter4\framework\system\Commands\Server\rewrite.php(43): require_once('D:\\AQUIVOS LOCA...')
#10 {main}
CRITICAL - 2023-03-23 20:43:01 --> Undefined variable: estacionamento
#0 D:\AQUIVOS LOCAIS TCC\tcc-igniter\trabalho\app\Views\registro.php(104): CodeIgniter\Debug\Exceptions->errorHandler(8, 'Undefined varia...', 'D:\\AQUIVOS LOCA...', 104, Array)
#1 D:\AQUIVOS LOCAIS TCC\tcc-igniter\trabalho\vendor\codeigniter4\framework\system\View\View.php(210): include('D:\\AQUIVOS LOCA...')
#2 D:\AQUIVOS LOCAIS TCC\tcc-igniter\trabalho\vendor\codeigniter4\framework\system\View\View.php(213): CodeIgniter\View\View->CodeIgniter\View\{closure}()
#3 D:\AQUIVOS LOCAIS TCC\tcc-igniter\trabalho\vendor\codeigniter4\framework\system\Common.php(1089): CodeIgniter\View\View->render('registro', Array, true)
#4 D:\AQUIVOS LOCAIS TCC\tcc-igniter\trabalho\app\Controllers\Home.php(37): view('registro')
#5 D:\AQUIVOS LOCAIS TCC\tcc-igniter\trabalho\vendor\codeigniter4\framework\system\CodeIgniter.php(832): App\Controllers\Home->registro()
#6 D:\AQUIVOS LOCAIS TCC\tcc-igniter\trabalho\vendor\codeigniter4\framework\system\CodeIgniter.php(419): CodeIgniter\CodeIgniter->runController(Object(App\Controllers\Home))
#7 D:\AQUIVOS LOCAIS TCC\tcc-igniter\trabalho\vendor\codeigniter4\framework\system\CodeIgniter.php(326): CodeIgniter\CodeIgniter->handleRequest(NULL, Object(Config\Cache), false)
#8 D:\AQUIVOS LOCAIS TCC\tcc-igniter\trabalho\public\index.php(37): CodeIgniter\CodeIgniter->run()
#9 D:\AQUIVOS LOCAIS TCC\tcc-igniter\trabalho\vendor\codeigniter4\framework\system\Commands\Server\rewrite.php(43): require_once('D:\\AQUIVOS LOCA...')
#10 {main}
CRITICAL - 2023-03-23 20:43:01 --> Undefined variable: estacionamento
#0 D:\AQUIVOS LOCAIS TCC\tcc-igniter\trabalho\app\Views\registro.php(104): CodeIgniter\Debug\Exceptions->errorHandler(8, 'Undefined varia...', 'D:\\AQUIVOS LOCA...', 104, Array)
#1 D:\AQUIVOS LOCAIS TCC\tcc-igniter\trabalho\vendor\codeigniter4\framework\system\View\View.php(210): include('D:\\AQUIVOS LOCA...')
#2 D:\AQUIVOS LOCAIS TCC\tcc-igniter\trabalho\vendor\codeigniter4\framework\system\View\View.php(213): CodeIgniter\View\View->CodeIgniter\View\{closure}()
#3 D:\AQUIVOS LOCAIS TCC\tcc-igniter\trabalho\vendor\codeigniter4\framework\system\Common.php(1089): CodeIgniter\View\View->render('registro', Array, true)
#4 D:\AQUIVOS LOCAIS TCC\tcc-igniter\trabalho\app\Controllers\Home.php(37): view('registro')
#5 D:\AQUIVOS LOCAIS TCC\tcc-igniter\trabalho\vendor\codeigniter4\framework\system\CodeIgniter.php(832): App\Controllers\Home->registro()
#6 D:\AQUIVOS LOCAIS TCC\tcc-igniter\trabalho\vendor\codeigniter4\framework\system\CodeIgniter.php(419): CodeIgniter\CodeIgniter->runController(Object(App\Controllers\Home))
#7 D:\AQUIVOS LOCAIS TCC\tcc-igniter\trabalho\vendor\codeigniter4\framework\system\CodeIgniter.php(326): CodeIgniter\CodeIgniter->handleRequest(NULL, Object(Config\Cache), false)
#8 D:\AQUIVOS LOCAIS TCC\tcc-igniter\trabalho\public\index.php(37): CodeIgniter\CodeIgniter->run()
#9 D:\AQUIVOS LOCAIS TCC\tcc-igniter\trabalho\vendor\codeigniter4\framework\system\Commands\Server\rewrite.php(43): require_once('D:\\AQUIVOS LOCA...')
#10 {main}
CRITICAL - 2023-03-23 20:43:01 --> Undefined variable: estacionamento
#0 D:\AQUIVOS LOCAIS TCC\tcc-igniter\trabalho\app\Views\registro.php(104): CodeIgniter\Debug\Exceptions->errorHandler(8, 'Undefined varia...', 'D:\\AQUIVOS LOCA...', 104, Array)
#1 D:\AQUIVOS LOCAIS TCC\tcc-igniter\trabalho\vendor\codeigniter4\framework\system\View\View.php(210): include('D:\\AQUIVOS LOCA...')
#2 D:\AQUIVOS LOCAIS TCC\tcc-igniter\trabalho\vendor\codeigniter4\framework\system\View\View.php(213): CodeIgniter\View\View->CodeIgniter\View\{closure}()
#3 D:\AQUIVOS LOCAIS TCC\tcc-igniter\trabalho\vendor\codeigniter4\framework\system\Common.php(1089): CodeIgniter\View\View->render('registro', Array, true)
#4 D:\AQUIVOS LOCAIS TCC\tcc-igniter\trabalho\app\Controllers\Home.php(37): view('registro')
#5 D:\AQUIVOS LOCAIS TCC\tcc-igniter\trabalho\vendor\codeigniter4\framework\system\CodeIgniter.php(832): App\Controllers\Home->registro()
#6 D:\AQUIVOS LOCAIS TCC\tcc-igniter\trabalho\vendor\codeigniter4\framework\system\CodeIgniter.php(419): CodeIgniter\CodeIgniter->runController(Object(App\Controllers\Home))
#7 D:\AQUIVOS LOCAIS TCC\tcc-igniter\trabalho\vendor\codeigniter4\framework\system\CodeIgniter.php(326): CodeIgniter\CodeIgniter->handleRequest(NULL, Object(Config\Cache), false)
#8 D:\AQUIVOS LOCAIS TCC\tcc-igniter\trabalho\public\index.php(37): CodeIgniter\CodeIgniter->run()
#9 D:\AQUIVOS LOCAIS TCC\tcc-igniter\trabalho\vendor\codeigniter4\framework\system\Commands\Server\rewrite.php(43): require_once('D:\\AQUIVOS LOCA...')
#10 {main}
CRITICAL - 2023-03-23 20:43:02 --> Undefined variable: estacionamento
#0 D:\AQUIVOS LOCAIS TCC\tcc-igniter\trabalho\app\Views\registro.php(104): CodeIgniter\Debug\Exceptions->errorHandler(8, 'Undefined varia...', 'D:\\AQUIVOS LOCA...', 104, Array)
#1 D:\AQUIVOS LOCAIS TCC\tcc-igniter\trabalho\vendor\codeigniter4\framework\system\View\View.php(210): include('D:\\AQUIVOS LOCA...')
#2 D:\AQUIVOS LOCAIS TCC\tcc-igniter\trabalho\vendor\codeigniter4\framework\system\View\View.php(213): CodeIgniter\View\View->CodeIgniter\View\{closure}()
#3 D:\AQUIVOS LOCAIS TCC\tcc-igniter\trabalho\vendor\codeigniter4\framework\system\Common.php(1089): CodeIgniter\View\View->render('registro', Array, true)
#4 D:\AQUIVOS LOCAIS TCC\tcc-igniter\trabalho\app\Controllers\Home.php(37): view('registro')
#5 D:\AQUIVOS LOCAIS TCC\tcc-igniter\trabalho\vendor\codeigniter4\framework\system\CodeIgniter.php(832): App\Controllers\Home->registro()
#6 D:\AQUIVOS LOCAIS TCC\tcc-igniter\trabalho\vendor\codeigniter4\framework\system\CodeIgniter.php(419): CodeIgniter\CodeIgniter->runController(Object(App\Controllers\Home))
#7 D:\AQUIVOS LOCAIS TCC\tcc-igniter\trabalho\vendor\codeigniter4\framework\system\CodeIgniter.php(326): CodeIgniter\CodeIgniter->handleRequest(NULL, Object(Config\Cache), false)
#8 D:\AQUIVOS LOCAIS TCC\tcc-igniter\trabalho\public\index.php(37): CodeIgniter\CodeIgniter->run()
#9 D:\AQUIVOS LOCAIS TCC\tcc-igniter\trabalho\vendor\codeigniter4\framework\system\Commands\Server\rewrite.php(43): require_once('D:\\AQUIVOS LOCA...')
#10 {main}
CRITICAL - 2023-03-23 20:43:02 --> Undefined variable: estacionamento
#0 D:\AQUIVOS LOCAIS TCC\tcc-igniter\trabalho\app\Views\registro.php(104): CodeIgniter\Debug\Exceptions->errorHandler(8, 'Undefined varia...', 'D:\\AQUIVOS LOCA...', 104, Array)
#1 D:\AQUIVOS LOCAIS TCC\tcc-igniter\trabalho\vendor\codeigniter4\framework\system\View\View.php(210): include('D:\\AQUIVOS LOCA...')
#2 D:\AQUIVOS LOCAIS TCC\tcc-igniter\trabalho\vendor\codeigniter4\framework\system\View\View.php(213): CodeIgniter\View\View->CodeIgniter\View\{closure}()
#3 D:\AQUIVOS LOCAIS TCC\tcc-igniter\trabalho\vendor\codeigniter4\framework\system\Common.php(1089): CodeIgniter\View\View->render('registro', Array, true)
#4 D:\AQUIVOS LOCAIS TCC\tcc-igniter\trabalho\app\Controllers\Home.php(37): view('registro')
#5 D:\AQUIVOS LOCAIS TCC\tcc-igniter\trabalho\vendor\codeigniter4\framework\system\CodeIgniter.php(832): App\Controllers\Home->registro()
#6 D:\AQUIVOS LOCAIS TCC\tcc-igniter\trabalho\vendor\codeigniter4\framework\system\CodeIgniter.php(419): CodeIgniter\CodeIgniter->runController(Object(App\Controllers\Home))
#7 D:\AQUIVOS LOCAIS TCC\tcc-igniter\trabalho\vendor\codeigniter4\framework\system\CodeIgniter.php(326): CodeIgniter\CodeIgniter->handleRequest(NULL, Object(Config\Cache), false)
#8 D:\AQUIVOS LOCAIS TCC\tcc-igniter\trabalho\public\index.php(37): CodeIgniter\CodeIgniter->run()
#9 D:\AQUIVOS LOCAIS TCC\tcc-igniter\trabalho\vendor\codeigniter4\framework\system\Commands\Server\rewrite.php(43): require_once('D:\\AQUIVOS LOCA...')
#10 {main}
CRITICAL - 2023-03-23 20:43:02 --> Undefined variable: estacionamento
#0 D:\AQUIVOS LOCAIS TCC\tcc-igniter\trabalho\app\Views\registro.php(104): CodeIgniter\Debug\Exceptions->errorHandler(8, 'Undefined varia...', 'D:\\AQUIVOS LOCA...', 104, Array)
#1 D:\AQUIVOS LOCAIS TCC\tcc-igniter\trabalho\vendor\codeigniter4\framework\system\View\View.php(210): include('D:\\AQUIVOS LOCA...')
#2 D:\AQUIVOS LOCAIS TCC\tcc-igniter\trabalho\vendor\codeigniter4\framework\system\View\View.php(213): CodeIgniter\View\View->CodeIgniter\View\{closure}()
#3 D:\AQUIVOS LOCAIS TCC\tcc-igniter\trabalho\vendor\codeigniter4\framework\system\Common.php(1089): CodeIgniter\View\View->render('registro', Array, true)
#4 D:\AQUIVOS LOCAIS TCC\tcc-igniter\trabalho\app\Controllers\Home.php(37): view('registro')
#5 D:\AQUIVOS LOCAIS TCC\tcc-igniter\trabalho\vendor\codeigniter4\framework\system\CodeIgniter.php(832): App\Controllers\Home->registro()
#6 D:\AQUIVOS LOCAIS TCC\tcc-igniter\trabalho\vendor\codeigniter4\framework\system\CodeIgniter.php(419): CodeIgniter\CodeIgniter->runController(Object(App\Controllers\Home))
#7 D:\AQUIVOS LOCAIS TCC\tcc-igniter\trabalho\vendor\codeigniter4\framework\system\CodeIgniter.php(326): CodeIgniter\CodeIgniter->handleRequest(NULL, Object(Config\Cache), false)
#8 D:\AQUIVOS LOCAIS TCC\tcc-igniter\trabalho\public\index.php(37): CodeIgniter\CodeIgniter->run()
#9 D:\AQUIVOS LOCAIS TCC\tcc-igniter\trabalho\vendor\codeigniter4\framework\system\Commands\Server\rewrite.php(43): require_once('D:\\AQUIVOS LOCA...')
#10 {main}
CRITICAL - 2023-03-23 20:43:02 --> Undefined variable: estacionamento
#0 D:\AQUIVOS LOCAIS TCC\tcc-igniter\trabalho\app\Views\registro.php(104): CodeIgniter\Debug\Exceptions->errorHandler(8, 'Undefined varia...', 'D:\\AQUIVOS LOCA...', 104, Array)
#1 D:\AQUIVOS LOCAIS TCC\tcc-igniter\trabalho\vendor\codeigniter4\framework\system\View\View.php(210): include('D:\\AQUIVOS LOCA...')
#2 D:\AQUIVOS LOCAIS TCC\tcc-igniter\trabalho\vendor\codeigniter4\framework\system\View\View.php(213): CodeIgniter\View\View->CodeIgniter\View\{closure}()
#3 D:\AQUIVOS LOCAIS TCC\tcc-igniter\trabalho\vendor\codeigniter4\framework\system\Common.php(1089): CodeIgniter\View\View->render('registro', Array, true)
#4 D:\AQUIVOS LOCAIS TCC\tcc-igniter\trabalho\app\Controllers\Home.php(37): view('registro')
#5 D:\AQUIVOS LOCAIS TCC\tcc-igniter\trabalho\vendor\codeigniter4\framework\system\CodeIgniter.php(832): App\Controllers\Home->registro()
#6 D:\AQUIVOS LOCAIS TCC\tcc-igniter\trabalho\vendor\codeigniter4\framework\system\CodeIgniter.php(419): CodeIgniter\CodeIgniter->runController(Object(App\Controllers\Home))
#7 D:\AQUIVOS LOCAIS TCC\tcc-igniter\trabalho\vendor\codeigniter4\framework\system\CodeIgniter.php(326): CodeIgniter\CodeIgniter->handleRequest(NULL, Object(Config\Cache), false)
#8 D:\AQUIVOS LOCAIS TCC\tcc-igniter\trabalho\public\index.php(37): CodeIgniter\CodeIgniter->run()
#9 D:\AQUIVOS LOCAIS TCC\tcc-igniter\trabalho\vendor\codeigniter4\framework\system\Commands\Server\rewrite.php(43): require_once('D:\\AQUIVOS LOCA...')
#10 {main}
CRITICAL - 2023-03-23 20:43:02 --> Undefined variable: estacionamento
#0 D:\AQUIVOS LOCAIS TCC\tcc-igniter\trabalho\app\Views\registro.php(104): CodeIgniter\Debug\Exceptions->errorHandler(8, 'Undefined varia...', 'D:\\AQUIVOS LOCA...', 104, Array)
#1 D:\AQUIVOS LOCAIS TCC\tcc-igniter\trabalho\vendor\codeigniter4\framework\system\View\View.php(210): include('D:\\AQUIVOS LOCA...')
#2 D:\AQUIVOS LOCAIS TCC\tcc-igniter\trabalho\vendor\codeigniter4\framework\system\View\View.php(213): CodeIgniter\View\View->CodeIgniter\View\{closure}()
#3 D:\AQUIVOS LOCAIS TCC\tcc-igniter\trabalho\vendor\codeigniter4\framework\system\Common.php(1089): CodeIgniter\View\View->render('registro', Array, true)
#4 D:\AQUIVOS LOCAIS TCC\tcc-igniter\trabalho\app\Controllers\Home.php(37): view('registro')
#5 D:\AQUIVOS LOCAIS TCC\tcc-igniter\trabalho\vendor\codeigniter4\framework\system\CodeIgniter.php(832): App\Controllers\Home->registro()
#6 D:\AQUIVOS LOCAIS TCC\tcc-igniter\trabalho\vendor\codeigniter4\framework\system\CodeIgniter.php(419): CodeIgniter\CodeIgniter->runController(Object(App\Controllers\Home))
#7 D:\AQUIVOS LOCAIS TCC\tcc-igniter\trabalho\vendor\codeigniter4\framework\system\CodeIgniter.php(326): CodeIgniter\CodeIgniter->handleRequest(NULL, Object(Config\Cache), false)
#8 D:\AQUIVOS LOCAIS TCC\tcc-igniter\trabalho\public\index.php(37): CodeIgniter\CodeIgniter->run()
#9 D:\AQUIVOS LOCAIS TCC\tcc-igniter\trabalho\vendor\codeigniter4\framework\system\Commands\Server\rewrite.php(43): require_once('D:\\AQUIVOS LOCA...')
#10 {main}
CRITICAL - 2023-03-23 20:43:02 --> Undefined variable: estacionamento
#0 D:\AQUIVOS LOCAIS TCC\tcc-igniter\trabalho\app\Views\registro.php(104): CodeIgniter\Debug\Exceptions->errorHandler(8, 'Undefined varia...', 'D:\\AQUIVOS LOCA...', 104, Array)
#1 D:\AQUIVOS LOCAIS TCC\tcc-igniter\trabalho\vendor\codeigniter4\framework\system\View\View.php(210): include('D:\\AQUIVOS LOCA...')
#2 D:\AQUIVOS LOCAIS TCC\tcc-igniter\trabalho\vendor\codeigniter4\framework\system\View\View.php(213): CodeIgniter\View\View->CodeIgniter\View\{closure}()
#3 D:\AQUIVOS LOCAIS TCC\tcc-igniter\trabalho\vendor\codeigniter4\framework\system\Common.php(1089): CodeIgniter\View\View->render('registro', Array, true)
#4 D:\AQUIVOS LOCAIS TCC\tcc-igniter\trabalho\app\Controllers\Home.php(37): view('registro')
#5 D:\AQUIVOS LOCAIS TCC\tcc-igniter\trabalho\vendor\codeigniter4\framework\system\CodeIgniter.php(832): App\Controllers\Home->registro()
#6 D:\AQUIVOS LOCAIS TCC\tcc-igniter\trabalho\vendor\codeigniter4\framework\system\CodeIgniter.php(419): CodeIgniter\CodeIgniter->runController(Object(App\Controllers\Home))
#7 D:\AQUIVOS LOCAIS TCC\tcc-igniter\trabalho\vendor\codeigniter4\framework\system\CodeIgniter.php(326): CodeIgniter\CodeIgniter->handleRequest(NULL, Object(Config\Cache), false)
#8 D:\AQUIVOS LOCAIS TCC\tcc-igniter\trabalho\public\index.php(37): CodeIgniter\CodeIgniter->run()
#9 D:\AQUIVOS LOCAIS TCC\tcc-igniter\trabalho\vendor\codeigniter4\framework\system\Commands\Server\rewrite.php(43): require_once('D:\\AQUIVOS LOCA...')
#10 {main}
