CRITICAL - 2023-03-22 09:34:22 --> Undefined variable $estacionamento
#0 E:\AQUIVOS LOCAIS TCC\tcc-igniter\trabalho\app\Views\registro.php(101): CodeIgniter\Debug\Exceptions->errorHandler(2, 'Undefined varia...', 'E:\\AQUIVOS LOCA...', 101)
#1 E:\AQUIVOS LOCAIS TCC\tcc-igniter\trabalho\vendor\codeigniter4\framework\system\View\View.php(210): include('E:\\AQUIVOS LOCA...')
#2 E:\AQUIVOS LOCAIS TCC\tcc-igniter\trabalho\vendor\codeigniter4\framework\system\View\View.php(213): CodeIgniter\View\View->CodeIgniter\View\{closure}()
#3 E:\AQUIVOS LOCAIS TCC\tcc-igniter\trabalho\vendor\codeigniter4\framework\system\Common.php(1089): CodeIgniter\View\View->render('registro', Array, true)
#4 E:\AQUIVOS LOCAIS TCC\tcc-igniter\trabalho\app\Controllers\Home.php(37): view('registro')
#5 E:\AQUIVOS LOCAIS TCC\tcc-igniter\trabalho\vendor\codeigniter4\framework\system\CodeIgniter.php(832): App\Controllers\Home->registro()
#6 E:\AQUIVOS LOCAIS TCC\tcc-igniter\trabalho\vendor\codeigniter4\framework\system\CodeIgniter.php(419): CodeIgniter\CodeIgniter->runController(Object(App\Controllers\Home))
#7 E:\AQUIVOS LOCAIS TCC\tcc-igniter\trabalho\vendor\codeigniter4\framework\system\CodeIgniter.php(326): CodeIgniter\CodeIgniter->handleRequest(NULL, Object(Config\Cache), false)
#8 E:\AQUIVOS LOCAIS TCC\tcc-igniter\trabalho\public\index.php(37): CodeIgniter\CodeIgniter->run()
#9 E:\AQUIVOS LOCAIS TCC\tcc-igniter\trabalho\vendor\codeigniter4\framework\system\Commands\Server\rewrite.php(43): require_once('E:\\AQUIVOS LOCA...')
#10 {main}
CRITICAL - 2023-03-22 17:23:43 --> Undefined variable $estacionamento
#0 E:\AQUIVOS LOCAIS TCC\tcc-igniter\trabalho\app\Views\registro.php(101): CodeIgniter\Debug\Exceptions->errorHandler(2, 'Undefined varia...', 'E:\\AQUIVOS LOCA...', 101)
#1 E:\AQUIVOS LOCAIS TCC\tcc-igniter\trabalho\vendor\codeigniter4\framework\system\View\View.php(210): include('E:\\AQUIVOS LOCA...')
#2 E:\AQUIVOS LOCAIS TCC\tcc-igniter\trabalho\vendor\codeigniter4\framework\system\View\View.php(213): CodeIgniter\View\View->CodeIgniter\View\{closure}()
#3 E:\AQUIVOS LOCAIS TCC\tcc-igniter\trabalho\vendor\codeigniter4\framework\system\Common.php(1089): CodeIgniter\View\View->render('registro', Array, true)
#4 E:\AQUIVOS LOCAIS TCC\tcc-igniter\trabalho\app\Controllers\Home.php(37): view('registro')
#5 E:\AQUIVOS LOCAIS TCC\tcc-igniter\trabalho\vendor\codeigniter4\framework\system\CodeIgniter.php(832): App\Controllers\Home->registro()
#6 E:\AQUIVOS LOCAIS TCC\tcc-igniter\trabalho\vendor\codeigniter4\framework\system\CodeIgniter.php(419): CodeIgniter\CodeIgniter->runController(Object(App\Controllers\Home))
#7 E:\AQUIVOS LOCAIS TCC\tcc-igniter\trabalho\vendor\codeigniter4\framework\system\CodeIgniter.php(326): CodeIgniter\CodeIgniter->handleRequest(NULL, Object(Config\Cache), false)
#8 E:\AQUIVOS LOCAIS TCC\tcc-igniter\trabalho\public\index.php(37): CodeIgniter\CodeIgniter->run()
#9 E:\AQUIVOS LOCAIS TCC\tcc-igniter\trabalho\vendor\codeigniter4\framework\system\Commands\Server\rewrite.php(43): require_once('E:\\AQUIVOS LOCA...')
#10 {main}
CRITICAL - 2023-03-22 17:24:38 --> Undefined variable $estacionamento
#0 E:\AQUIVOS LOCAIS TCC\tcc-igniter\trabalho\app\Views\registro.php(101): CodeIgniter\Debug\Exceptions->errorHandler(2, 'Undefined varia...', 'E:\\AQUIVOS LOCA...', 101)
#1 E:\AQUIVOS LOCAIS TCC\tcc-igniter\trabalho\vendor\codeigniter4\framework\system\View\View.php(210): include('E:\\AQUIVOS LOCA...')
#2 E:\AQUIVOS LOCAIS TCC\tcc-igniter\trabalho\vendor\codeigniter4\framework\system\View\View.php(213): CodeIgniter\View\View->CodeIgniter\View\{closure}()
#3 E:\AQUIVOS LOCAIS TCC\tcc-igniter\trabalho\vendor\codeigniter4\framework\system\Common.php(1089): CodeIgniter\View\View->render('registro', Array, true)
#4 E:\AQUIVOS LOCAIS TCC\tcc-igniter\trabalho\app\Controllers\Home.php(37): view('registro')
#5 E:\AQUIVOS LOCAIS TCC\tcc-igniter\trabalho\vendor\codeigniter4\framework\system\CodeIgniter.php(832): App\Controllers\Home->registro()
#6 E:\AQUIVOS LOCAIS TCC\tcc-igniter\trabalho\vendor\codeigniter4\framework\system\CodeIgniter.php(419): CodeIgniter\CodeIgniter->runController(Object(App\Controllers\Home))
#7 E:\AQUIVOS LOCAIS TCC\tcc-igniter\trabalho\vendor\codeigniter4\framework\system\CodeIgniter.php(326): CodeIgniter\CodeIgniter->handleRequest(NULL, Object(Config\Cache), false)
#8 E:\AQUIVOS LOCAIS TCC\tcc-igniter\trabalho\public\index.php(37): CodeIgniter\CodeIgniter->run()
#9 E:\AQUIVOS LOCAIS TCC\tcc-igniter\trabalho\vendor\codeigniter4\framework\system\Commands\Server\rewrite.php(43): require_once('E:\\AQUIVOS LOCA...')
#10 {main}
CRITICAL - 2023-03-22 17:25:15 --> Undefined variable $estacionamento
#0 E:\AQUIVOS LOCAIS TCC\tcc-igniter\trabalho\app\Views\registro.php(101): CodeIgniter\Debug\Exceptions->errorHandler(2, 'Undefined varia...', 'E:\\AQUIVOS LOCA...', 101)
#1 E:\AQUIVOS LOCAIS TCC\tcc-igniter\trabalho\vendor\codeigniter4\framework\system\View\View.php(210): include('E:\\AQUIVOS LOCA...')
#2 E:\AQUIVOS LOCAIS TCC\tcc-igniter\trabalho\vendor\codeigniter4\framework\system\View\View.php(213): CodeIgniter\View\View->CodeIgniter\View\{closure}()
#3 E:\AQUIVOS LOCAIS TCC\tcc-igniter\trabalho\vendor\codeigniter4\framework\system\Common.php(1089): CodeIgniter\View\View->render('registro', Array, true)
#4 E:\AQUIVOS LOCAIS TCC\tcc-igniter\trabalho\app\Controllers\Home.php(37): view('registro')
#5 E:\AQUIVOS LOCAIS TCC\tcc-igniter\trabalho\vendor\codeigniter4\framework\system\CodeIgniter.php(832): App\Controllers\Home->registro()
#6 E:\AQUIVOS LOCAIS TCC\tcc-igniter\trabalho\vendor\codeigniter4\framework\system\CodeIgniter.php(419): CodeIgniter\CodeIgniter->runController(Object(App\Controllers\Home))
#7 E:\AQUIVOS LOCAIS TCC\tcc-igniter\trabalho\vendor\codeigniter4\framework\system\CodeIgniter.php(326): CodeIgniter\CodeIgniter->handleRequest(NULL, Object(Config\Cache), false)
#8 E:\AQUIVOS LOCAIS TCC\tcc-igniter\trabalho\public\index.php(37): CodeIgniter\CodeIgniter->run()
#9 E:\AQUIVOS LOCAIS TCC\tcc-igniter\trabalho\vendor\codeigniter4\framework\system\Commands\Server\rewrite.php(43): require_once('E:\\AQUIVOS LOCA...')
#10 {main}
CRITICAL - 2023-03-22 17:26:31 --> Undefined variable $estacionamento
#0 E:\AQUIVOS LOCAIS TCC\tcc-igniter\trabalho\app\Views\registro.php(101): CodeIgniter\Debug\Exceptions->errorHandler(2, 'Undefined varia...', 'E:\\AQUIVOS LOCA...', 101)
#1 E:\AQUIVOS LOCAIS TCC\tcc-igniter\trabalho\vendor\codeigniter4\framework\system\View\View.php(210): include('E:\\AQUIVOS LOCA...')
#2 E:\AQUIVOS LOCAIS TCC\tcc-igniter\trabalho\vendor\codeigniter4\framework\system\View\View.php(213): CodeIgniter\View\View->CodeIgniter\View\{closure}()
#3 E:\AQUIVOS LOCAIS TCC\tcc-igniter\trabalho\vendor\codeigniter4\framework\system\Common.php(1089): CodeIgniter\View\View->render('registro', Array, true)
#4 E:\AQUIVOS LOCAIS TCC\tcc-igniter\trabalho\app\Controllers\Home.php(37): view('registro')
#5 E:\AQUIVOS LOCAIS TCC\tcc-igniter\trabalho\vendor\codeigniter4\framework\system\CodeIgniter.php(832): App\Controllers\Home->registro()
#6 E:\AQUIVOS LOCAIS TCC\tcc-igniter\trabalho\vendor\codeigniter4\framework\system\CodeIgniter.php(419): CodeIgniter\CodeIgniter->runController(Object(App\Controllers\Home))
#7 E:\AQUIVOS LOCAIS TCC\tcc-igniter\trabalho\vendor\codeigniter4\framework\system\CodeIgniter.php(326): CodeIgniter\CodeIgniter->handleRequest(NULL, Object(Config\Cache), false)
#8 E:\AQUIVOS LOCAIS TCC\tcc-igniter\trabalho\public\index.php(37): CodeIgniter\CodeIgniter->run()
#9 E:\AQUIVOS LOCAIS TCC\tcc-igniter\trabalho\vendor\codeigniter4\framework\system\Commands\Server\rewrite.php(43): require_once('E:\\AQUIVOS LOCA...')
#10 {main}
CRITICAL - 2023-03-22 17:28:20 --> Undefined variable $estacionamento
#0 E:\AQUIVOS LOCAIS TCC\tcc-igniter\trabalho\app\Views\registro.php(102): CodeIgniter\Debug\Exceptions->errorHandler(2, 'Undefined varia...', 'E:\\AQUIVOS LOCA...', 102)
#1 E:\AQUIVOS LOCAIS TCC\tcc-igniter\trabalho\vendor\codeigniter4\framework\system\View\View.php(210): include('E:\\AQUIVOS LOCA...')
#2 E:\AQUIVOS LOCAIS TCC\tcc-igniter\trabalho\vendor\codeigniter4\framework\system\View\View.php(213): CodeIgniter\View\View->CodeIgniter\View\{closure}()
#3 E:\AQUIVOS LOCAIS TCC\tcc-igniter\trabalho\vendor\codeigniter4\framework\system\Common.php(1089): CodeIgniter\View\View->render('registro', Array, true)
#4 E:\AQUIVOS LOCAIS TCC\tcc-igniter\trabalho\app\Controllers\Home.php(37): view('registro')
#5 E:\AQUIVOS LOCAIS TCC\tcc-igniter\trabalho\vendor\codeigniter4\framework\system\CodeIgniter.php(832): App\Controllers\Home->registro()
#6 E:\AQUIVOS LOCAIS TCC\tcc-igniter\trabalho\vendor\codeigniter4\framework\system\CodeIgniter.php(419): CodeIgniter\CodeIgniter->runController(Object(App\Controllers\Home))
#7 E:\AQUIVOS LOCAIS TCC\tcc-igniter\trabalho\vendor\codeigniter4\framework\system\CodeIgniter.php(326): CodeIgniter\CodeIgniter->handleRequest(NULL, Object(Config\Cache), false)
#8 E:\AQUIVOS LOCAIS TCC\tcc-igniter\trabalho\public\index.php(37): CodeIgniter\CodeIgniter->run()
#9 E:\AQUIVOS LOCAIS TCC\tcc-igniter\trabalho\vendor\codeigniter4\framework\system\Commands\Server\rewrite.php(43): require_once('E:\\AQUIVOS LOCA...')
#10 {main}
CRITICAL - 2023-03-22 17:29:32 --> Undefined variable $estacionamento
#0 E:\AQUIVOS LOCAIS TCC\tcc-igniter\trabalho\app\Views\registro.php(103): CodeIgniter\Debug\Exceptions->errorHandler(2, 'Undefined varia...', 'E:\\AQUIVOS LOCA...', 103)
#1 E:\AQUIVOS LOCAIS TCC\tcc-igniter\trabalho\vendor\codeigniter4\framework\system\View\View.php(210): include('E:\\AQUIVOS LOCA...')
#2 E:\AQUIVOS LOCAIS TCC\tcc-igniter\trabalho\vendor\codeigniter4\framework\system\View\View.php(213): CodeIgniter\View\View->CodeIgniter\View\{closure}()
#3 E:\AQUIVOS LOCAIS TCC\tcc-igniter\trabalho\vendor\codeigniter4\framework\system\Common.php(1089): CodeIgniter\View\View->render('registro', Array, true)
#4 E:\AQUIVOS LOCAIS TCC\tcc-igniter\trabalho\app\Controllers\Home.php(37): view('registro')
#5 E:\AQUIVOS LOCAIS TCC\tcc-igniter\trabalho\vendor\codeigniter4\framework\system\CodeIgniter.php(832): App\Controllers\Home->registro()
#6 E:\AQUIVOS LOCAIS TCC\tcc-igniter\trabalho\vendor\codeigniter4\framework\system\CodeIgniter.php(419): CodeIgniter\CodeIgniter->runController(Object(App\Controllers\Home))
#7 E:\AQUIVOS LOCAIS TCC\tcc-igniter\trabalho\vendor\codeigniter4\framework\system\CodeIgniter.php(326): CodeIgniter\CodeIgniter->handleRequest(NULL, Object(Config\Cache), false)
#8 E:\AQUIVOS LOCAIS TCC\tcc-igniter\trabalho\public\index.php(37): CodeIgniter\CodeIgniter->run()
#9 E:\AQUIVOS LOCAIS TCC\tcc-igniter\trabalho\vendor\codeigniter4\framework\system\Commands\Server\rewrite.php(43): require_once('E:\\AQUIVOS LOCA...')
#10 {main}
CRITICAL - 2023-03-22 17:29:50 --> syntax error, unexpected token "endforeach", expecting end of file
#0 E:\AQUIVOS LOCAIS TCC\tcc-igniter\trabalho\vendor\codeigniter4\framework\system\View\View.php(213): CodeIgniter\View\View->CodeIgniter\View\{closure}()
#1 E:\AQUIVOS LOCAIS TCC\tcc-igniter\trabalho\vendor\codeigniter4\framework\system\Common.php(1089): CodeIgniter\View\View->render('registro', Array, true)
#2 E:\AQUIVOS LOCAIS TCC\tcc-igniter\trabalho\app\Controllers\Home.php(37): view('registro')
#3 E:\AQUIVOS LOCAIS TCC\tcc-igniter\trabalho\vendor\codeigniter4\framework\system\CodeIgniter.php(832): App\Controllers\Home->registro()
#4 E:\AQUIVOS LOCAIS TCC\tcc-igniter\trabalho\vendor\codeigniter4\framework\system\CodeIgniter.php(419): CodeIgniter\CodeIgniter->runController(Object(App\Controllers\Home))
#5 E:\AQUIVOS LOCAIS TCC\tcc-igniter\trabalho\vendor\codeigniter4\framework\system\CodeIgniter.php(326): CodeIgniter\CodeIgniter->handleRequest(NULL, Object(Config\Cache), false)
#6 E:\AQUIVOS LOCAIS TCC\tcc-igniter\trabalho\public\index.php(37): CodeIgniter\CodeIgniter->run()
#7 E:\AQUIVOS LOCAIS TCC\tcc-igniter\trabalho\vendor\codeigniter4\framework\system\Commands\Server\rewrite.php(43): require_once('E:\\AQUIVOS LOCA...')
#8 {main}
CRITICAL - 2023-03-22 17:30:01 --> syntax error, unexpected token "<", expecting end of file
#0 E:\AQUIVOS LOCAIS TCC\tcc-igniter\trabalho\vendor\codeigniter4\framework\system\View\View.php(213): CodeIgniter\View\View->CodeIgniter\View\{closure}()
#1 E:\AQUIVOS LOCAIS TCC\tcc-igniter\trabalho\vendor\codeigniter4\framework\system\Common.php(1089): CodeIgniter\View\View->render('registro', Array, true)
#2 E:\AQUIVOS LOCAIS TCC\tcc-igniter\trabalho\app\Controllers\Home.php(37): view('registro')
#3 E:\AQUIVOS LOCAIS TCC\tcc-igniter\trabalho\vendor\codeigniter4\framework\system\CodeIgniter.php(832): App\Controllers\Home->registro()
#4 E:\AQUIVOS LOCAIS TCC\tcc-igniter\trabalho\vendor\codeigniter4\framework\system\CodeIgniter.php(419): CodeIgniter\CodeIgniter->runController(Object(App\Controllers\Home))
#5 E:\AQUIVOS LOCAIS TCC\tcc-igniter\trabalho\vendor\codeigniter4\framework\system\CodeIgniter.php(326): CodeIgniter\CodeIgniter->handleRequest(NULL, Object(Config\Cache), false)
#6 E:\AQUIVOS LOCAIS TCC\tcc-igniter\trabalho\public\index.php(37): CodeIgniter\CodeIgniter->run()
#7 E:\AQUIVOS LOCAIS TCC\tcc-igniter\trabalho\vendor\codeigniter4\framework\system\Commands\Server\rewrite.php(43): require_once('E:\\AQUIVOS LOCA...')
#8 {main}
