ERROR - 2023-05-10 08:20:28 --> Error connecting to the database: Nenhuma conexão pôde ser feita porque a máquina de destino as recusou ativamente
CRITICAL - 2023-05-10 08:20:28 --> Unable to connect to the database.
Main connection [MySQLi]: Nenhuma conexão pôde ser feita porque a máquina de destino as recusou ativamente
#0 E:\ARQUIVOS-LOCAIS-TCC\tcc-igniter\trabalho\vendor\codeigniter4\framework\system\Database\BaseConnection.php(577): CodeIgniter\Database\BaseConnection->initialize()
#1 E:\ARQUIVOS-LOCAIS-TCC\tcc-igniter\trabalho\app\Models\AdminModel.php(21): CodeIgniter\Database\BaseConnection->query('SELECT idFuncio...', Array)
#2 E:\ARQUIVOS-LOCAIS-TCC\tcc-igniter\trabalho\app\Controllers\Admin\AutenticacaoAdmin.php(30): App\Models\AdminModel->logar('nicolas@gmail.c...', 'nicolas')
#3 E:\ARQUIVOS-LOCAIS-TCC\tcc-igniter\trabalho\vendor\codeigniter4\framework\system\CodeIgniter.php(832): App\Controllers\Admin\AutenticacaoAdmin->logar()
#4 E:\ARQUIVOS-LOCAIS-TCC\tcc-igniter\trabalho\vendor\codeigniter4\framework\system\CodeIgniter.php(419): CodeIgniter\CodeIgniter->runController(Object(App\Controllers\Admin\AutenticacaoAdmin))
#5 E:\ARQUIVOS-LOCAIS-TCC\tcc-igniter\trabalho\vendor\codeigniter4\framework\system\CodeIgniter.php(326): CodeIgniter\CodeIgniter->handleRequest(NULL, Object(Config\Cache), false)
#6 E:\ARQUIVOS-LOCAIS-TCC\tcc-igniter\trabalho\public\index.php(37): CodeIgniter\CodeIgniter->run()
#7 E:\ARQUIVOS-LOCAIS-TCC\tcc-igniter\trabalho\vendor\codeigniter4\framework\system\Commands\Server\rewrite.php(43): require_once('E:\\ARQUIVOS-LOC...')
#8 {main}
ERROR - 2023-05-10 08:55:11 --> Unknown column 'preco' in 'field list'
CRITICAL - 2023-05-10 08:55:11 --> Unknown column 'preco' in 'field list'
#0 E:\ARQUIVOS-LOCAIS-TCC\tcc-igniter\trabalho\vendor\codeigniter4\framework\system\Database\MySQLi\Connection.php(292): mysqli->query('INSERT INTO `es...', 0)
#1 E:\ARQUIVOS-LOCAIS-TCC\tcc-igniter\trabalho\vendor\codeigniter4\framework\system\Database\BaseConnection.php(670): CodeIgniter\Database\MySQLi\Connection->execute('INSERT INTO `es...')
#2 E:\ARQUIVOS-LOCAIS-TCC\tcc-igniter\trabalho\vendor\codeigniter4\framework\system\Database\BaseConnection.php(598): CodeIgniter\Database\BaseConnection->simpleQuery('INSERT INTO `es...')
#3 E:\ARQUIVOS-LOCAIS-TCC\tcc-igniter\trabalho\vendor\codeigniter4\framework\system\Database\BaseBuilder.php(1771): CodeIgniter\Database\BaseConnection->query('INSERT INTO `es...', Array, false)
#4 E:\ARQUIVOS-LOCAIS-TCC\tcc-igniter\trabalho\vendor\codeigniter4\framework\system\Model.php(239): CodeIgniter\Database\BaseBuilder->insert()
#5 E:\ARQUIVOS-LOCAIS-TCC\tcc-igniter\trabalho\vendor\codeigniter4\framework\system\BaseModel.php(738): CodeIgniter\Model->doInsert(Array)
#6 E:\ARQUIVOS-LOCAIS-TCC\tcc-igniter\trabalho\vendor\codeigniter4\framework\system\Model.php(625): CodeIgniter\BaseModel->insert(Array, false)
#7 E:\ARQUIVOS-LOCAIS-TCC\tcc-igniter\trabalho\vendor\codeigniter4\framework\system\BaseModel.php(658): CodeIgniter\Model->insert(Array, false)
#8 E:\ARQUIVOS-LOCAIS-TCC\tcc-igniter\trabalho\app\Controllers\Admin\Registro.php(32): CodeIgniter\BaseModel->save(Array)
#9 E:\ARQUIVOS-LOCAIS-TCC\tcc-igniter\trabalho\vendor\codeigniter4\framework\system\CodeIgniter.php(832): App\Controllers\Admin\Registro->registrar()
#10 E:\ARQUIVOS-LOCAIS-TCC\tcc-igniter\trabalho\vendor\codeigniter4\framework\system\CodeIgniter.php(419): CodeIgniter\CodeIgniter->runController(Object(App\Controllers\Admin\Registro))
#11 E:\ARQUIVOS-LOCAIS-TCC\tcc-igniter\trabalho\vendor\codeigniter4\framework\system\CodeIgniter.php(326): CodeIgniter\CodeIgniter->handleRequest(NULL, Object(Config\Cache), false)
#12 E:\ARQUIVOS-LOCAIS-TCC\tcc-igniter\trabalho\public\index.php(37): CodeIgniter\CodeIgniter->run()
#13 E:\ARQUIVOS-LOCAIS-TCC\tcc-igniter\trabalho\vendor\codeigniter4\framework\system\Commands\Server\rewrite.php(43): require_once('E:\\ARQUIVOS-LOC...')
#14 {main}
ERROR - 2023-05-10 08:55:20 --> Unknown column 'preco' in 'field list'
CRITICAL - 2023-05-10 08:55:20 --> Unknown column 'preco' in 'field list'
#0 E:\ARQUIVOS-LOCAIS-TCC\tcc-igniter\trabalho\vendor\codeigniter4\framework\system\Database\MySQLi\Connection.php(292): mysqli->query('INSERT INTO `es...', 0)
#1 E:\ARQUIVOS-LOCAIS-TCC\tcc-igniter\trabalho\vendor\codeigniter4\framework\system\Database\BaseConnection.php(670): CodeIgniter\Database\MySQLi\Connection->execute('INSERT INTO `es...')
#2 E:\ARQUIVOS-LOCAIS-TCC\tcc-igniter\trabalho\vendor\codeigniter4\framework\system\Database\BaseConnection.php(598): CodeIgniter\Database\BaseConnection->simpleQuery('INSERT INTO `es...')
#3 E:\ARQUIVOS-LOCAIS-TCC\tcc-igniter\trabalho\vendor\codeigniter4\framework\system\Database\BaseBuilder.php(1771): CodeIgniter\Database\BaseConnection->query('INSERT INTO `es...', Array, false)
#4 E:\ARQUIVOS-LOCAIS-TCC\tcc-igniter\trabalho\vendor\codeigniter4\framework\system\Model.php(239): CodeIgniter\Database\BaseBuilder->insert()
#5 E:\ARQUIVOS-LOCAIS-TCC\tcc-igniter\trabalho\vendor\codeigniter4\framework\system\BaseModel.php(738): CodeIgniter\Model->doInsert(Array)
#6 E:\ARQUIVOS-LOCAIS-TCC\tcc-igniter\trabalho\vendor\codeigniter4\framework\system\Model.php(625): CodeIgniter\BaseModel->insert(Array, false)
#7 E:\ARQUIVOS-LOCAIS-TCC\tcc-igniter\trabalho\vendor\codeigniter4\framework\system\BaseModel.php(658): CodeIgniter\Model->insert(Array, false)
#8 E:\ARQUIVOS-LOCAIS-TCC\tcc-igniter\trabalho\app\Controllers\Admin\Registro.php(32): CodeIgniter\BaseModel->save(Array)
#9 E:\ARQUIVOS-LOCAIS-TCC\tcc-igniter\trabalho\vendor\codeigniter4\framework\system\CodeIgniter.php(832): App\Controllers\Admin\Registro->registrar()
#10 E:\ARQUIVOS-LOCAIS-TCC\tcc-igniter\trabalho\vendor\codeigniter4\framework\system\CodeIgniter.php(419): CodeIgniter\CodeIgniter->runController(Object(App\Controllers\Admin\Registro))
#11 E:\ARQUIVOS-LOCAIS-TCC\tcc-igniter\trabalho\vendor\codeigniter4\framework\system\CodeIgniter.php(326): CodeIgniter\CodeIgniter->handleRequest(NULL, Object(Config\Cache), false)
#12 E:\ARQUIVOS-LOCAIS-TCC\tcc-igniter\trabalho\public\index.php(37): CodeIgniter\CodeIgniter->run()
#13 E:\ARQUIVOS-LOCAIS-TCC\tcc-igniter\trabalho\vendor\codeigniter4\framework\system\Commands\Server\rewrite.php(43): require_once('E:\\ARQUIVOS-LOC...')
#14 {main}
ERROR - 2023-05-10 08:55:28 --> Unknown column 'preco' in 'field list'
CRITICAL - 2023-05-10 08:55:28 --> Unknown column 'preco' in 'field list'
#0 E:\ARQUIVOS-LOCAIS-TCC\tcc-igniter\trabalho\vendor\codeigniter4\framework\system\Database\MySQLi\Connection.php(292): mysqli->query('INSERT INTO `es...', 0)
#1 E:\ARQUIVOS-LOCAIS-TCC\tcc-igniter\trabalho\vendor\codeigniter4\framework\system\Database\BaseConnection.php(670): CodeIgniter\Database\MySQLi\Connection->execute('INSERT INTO `es...')
#2 E:\ARQUIVOS-LOCAIS-TCC\tcc-igniter\trabalho\vendor\codeigniter4\framework\system\Database\BaseConnection.php(598): CodeIgniter\Database\BaseConnection->simpleQuery('INSERT INTO `es...')
#3 E:\ARQUIVOS-LOCAIS-TCC\tcc-igniter\trabalho\vendor\codeigniter4\framework\system\Database\BaseBuilder.php(1771): CodeIgniter\Database\BaseConnection->query('INSERT INTO `es...', Array, false)
#4 E:\ARQUIVOS-LOCAIS-TCC\tcc-igniter\trabalho\vendor\codeigniter4\framework\system\Model.php(239): CodeIgniter\Database\BaseBuilder->insert()
#5 E:\ARQUIVOS-LOCAIS-TCC\tcc-igniter\trabalho\vendor\codeigniter4\framework\system\BaseModel.php(738): CodeIgniter\Model->doInsert(Array)
#6 E:\ARQUIVOS-LOCAIS-TCC\tcc-igniter\trabalho\vendor\codeigniter4\framework\system\Model.php(625): CodeIgniter\BaseModel->insert(Array, false)
#7 E:\ARQUIVOS-LOCAIS-TCC\tcc-igniter\trabalho\vendor\codeigniter4\framework\system\BaseModel.php(658): CodeIgniter\Model->insert(Array, false)
#8 E:\ARQUIVOS-LOCAIS-TCC\tcc-igniter\trabalho\app\Controllers\Admin\Registro.php(32): CodeIgniter\BaseModel->save(Array)
#9 E:\ARQUIVOS-LOCAIS-TCC\tcc-igniter\trabalho\vendor\codeigniter4\framework\system\CodeIgniter.php(832): App\Controllers\Admin\Registro->registrar()
#10 E:\ARQUIVOS-LOCAIS-TCC\tcc-igniter\trabalho\vendor\codeigniter4\framework\system\CodeIgniter.php(419): CodeIgniter\CodeIgniter->runController(Object(App\Controllers\Admin\Registro))
#11 E:\ARQUIVOS-LOCAIS-TCC\tcc-igniter\trabalho\vendor\codeigniter4\framework\system\CodeIgniter.php(326): CodeIgniter\CodeIgniter->handleRequest(NULL, Object(Config\Cache), false)
#12 E:\ARQUIVOS-LOCAIS-TCC\tcc-igniter\trabalho\public\index.php(37): CodeIgniter\CodeIgniter->run()
#13 E:\ARQUIVOS-LOCAIS-TCC\tcc-igniter\trabalho\vendor\codeigniter4\framework\system\Commands\Server\rewrite.php(43): require_once('E:\\ARQUIVOS-LOC...')
#14 {main}
ERROR - 2023-05-10 08:55:37 --> Unknown column 'preco' in 'field list'
CRITICAL - 2023-05-10 08:55:37 --> Unknown column 'preco' in 'field list'
#0 E:\ARQUIVOS-LOCAIS-TCC\tcc-igniter\trabalho\vendor\codeigniter4\framework\system\Database\MySQLi\Connection.php(292): mysqli->query('INSERT INTO `es...', 0)
#1 E:\ARQUIVOS-LOCAIS-TCC\tcc-igniter\trabalho\vendor\codeigniter4\framework\system\Database\BaseConnection.php(670): CodeIgniter\Database\MySQLi\Connection->execute('INSERT INTO `es...')
#2 E:\ARQUIVOS-LOCAIS-TCC\tcc-igniter\trabalho\vendor\codeigniter4\framework\system\Database\BaseConnection.php(598): CodeIgniter\Database\BaseConnection->simpleQuery('INSERT INTO `es...')
#3 E:\ARQUIVOS-LOCAIS-TCC\tcc-igniter\trabalho\vendor\codeigniter4\framework\system\Database\BaseBuilder.php(1771): CodeIgniter\Database\BaseConnection->query('INSERT INTO `es...', Array, false)
#4 E:\ARQUIVOS-LOCAIS-TCC\tcc-igniter\trabalho\vendor\codeigniter4\framework\system\Model.php(239): CodeIgniter\Database\BaseBuilder->insert()
#5 E:\ARQUIVOS-LOCAIS-TCC\tcc-igniter\trabalho\vendor\codeigniter4\framework\system\BaseModel.php(738): CodeIgniter\Model->doInsert(Array)
#6 E:\ARQUIVOS-LOCAIS-TCC\tcc-igniter\trabalho\vendor\codeigniter4\framework\system\Model.php(625): CodeIgniter\BaseModel->insert(Array, false)
#7 E:\ARQUIVOS-LOCAIS-TCC\tcc-igniter\trabalho\vendor\codeigniter4\framework\system\BaseModel.php(658): CodeIgniter\Model->insert(Array, false)
#8 E:\ARQUIVOS-LOCAIS-TCC\tcc-igniter\trabalho\app\Controllers\Admin\Registro.php(32): CodeIgniter\BaseModel->save(Array)
#9 E:\ARQUIVOS-LOCAIS-TCC\tcc-igniter\trabalho\vendor\codeigniter4\framework\system\CodeIgniter.php(832): App\Controllers\Admin\Registro->registrar()
#10 E:\ARQUIVOS-LOCAIS-TCC\tcc-igniter\trabalho\vendor\codeigniter4\framework\system\CodeIgniter.php(419): CodeIgniter\CodeIgniter->runController(Object(App\Controllers\Admin\Registro))
#11 E:\ARQUIVOS-LOCAIS-TCC\tcc-igniter\trabalho\vendor\codeigniter4\framework\system\CodeIgniter.php(326): CodeIgniter\CodeIgniter->handleRequest(NULL, Object(Config\Cache), false)
#12 E:\ARQUIVOS-LOCAIS-TCC\tcc-igniter\trabalho\public\index.php(37): CodeIgniter\CodeIgniter->run()
#13 E:\ARQUIVOS-LOCAIS-TCC\tcc-igniter\trabalho\vendor\codeigniter4\framework\system\Commands\Server\rewrite.php(43): require_once('E:\\ARQUIVOS-LOC...')
#14 {main}
ERROR - 2023-05-10 08:57:18 --> Unknown column 'preco' in 'field list'
CRITICAL - 2023-05-10 08:57:18 --> Unknown column 'preco' in 'field list'
#0 E:\ARQUIVOS-LOCAIS-TCC\tcc-igniter\trabalho\vendor\codeigniter4\framework\system\Database\MySQLi\Connection.php(292): mysqli->query('INSERT INTO `es...', 0)
#1 E:\ARQUIVOS-LOCAIS-TCC\tcc-igniter\trabalho\vendor\codeigniter4\framework\system\Database\BaseConnection.php(670): CodeIgniter\Database\MySQLi\Connection->execute('INSERT INTO `es...')
#2 E:\ARQUIVOS-LOCAIS-TCC\tcc-igniter\trabalho\vendor\codeigniter4\framework\system\Database\BaseConnection.php(598): CodeIgniter\Database\BaseConnection->simpleQuery('INSERT INTO `es...')
#3 E:\ARQUIVOS-LOCAIS-TCC\tcc-igniter\trabalho\vendor\codeigniter4\framework\system\Database\BaseBuilder.php(1771): CodeIgniter\Database\BaseConnection->query('INSERT INTO `es...', Array, false)
#4 E:\ARQUIVOS-LOCAIS-TCC\tcc-igniter\trabalho\vendor\codeigniter4\framework\system\Model.php(239): CodeIgniter\Database\BaseBuilder->insert()
#5 E:\ARQUIVOS-LOCAIS-TCC\tcc-igniter\trabalho\vendor\codeigniter4\framework\system\BaseModel.php(738): CodeIgniter\Model->doInsert(Array)
#6 E:\ARQUIVOS-LOCAIS-TCC\tcc-igniter\trabalho\vendor\codeigniter4\framework\system\Model.php(625): CodeIgniter\BaseModel->insert(Array, false)
#7 E:\ARQUIVOS-LOCAIS-TCC\tcc-igniter\trabalho\vendor\codeigniter4\framework\system\BaseModel.php(658): CodeIgniter\Model->insert(Array, false)
#8 E:\ARQUIVOS-LOCAIS-TCC\tcc-igniter\trabalho\app\Controllers\Admin\Registro.php(32): CodeIgniter\BaseModel->save(Array)
#9 E:\ARQUIVOS-LOCAIS-TCC\tcc-igniter\trabalho\vendor\codeigniter4\framework\system\CodeIgniter.php(832): App\Controllers\Admin\Registro->registrar()
#10 E:\ARQUIVOS-LOCAIS-TCC\tcc-igniter\trabalho\vendor\codeigniter4\framework\system\CodeIgniter.php(419): CodeIgniter\CodeIgniter->runController(Object(App\Controllers\Admin\Registro))
#11 E:\ARQUIVOS-LOCAIS-TCC\tcc-igniter\trabalho\vendor\codeigniter4\framework\system\CodeIgniter.php(326): CodeIgniter\CodeIgniter->handleRequest(NULL, Object(Config\Cache), false)
#12 E:\ARQUIVOS-LOCAIS-TCC\tcc-igniter\trabalho\public\index.php(37): CodeIgniter\CodeIgniter->run()
#13 E:\ARQUIVOS-LOCAIS-TCC\tcc-igniter\trabalho\vendor\codeigniter4\framework\system\Commands\Server\rewrite.php(43): require_once('E:\\ARQUIVOS-LOC...')
#14 {main}
ERROR - 2023-05-10 08:57:49 --> Unknown column 'preco' in 'field list'
CRITICAL - 2023-05-10 08:57:49 --> Unknown column 'preco' in 'field list'
#0 E:\ARQUIVOS-LOCAIS-TCC\tcc-igniter\trabalho\vendor\codeigniter4\framework\system\Database\MySQLi\Connection.php(292): mysqli->query('INSERT INTO `es...', 0)
#1 E:\ARQUIVOS-LOCAIS-TCC\tcc-igniter\trabalho\vendor\codeigniter4\framework\system\Database\BaseConnection.php(670): CodeIgniter\Database\MySQLi\Connection->execute('INSERT INTO `es...')
#2 E:\ARQUIVOS-LOCAIS-TCC\tcc-igniter\trabalho\vendor\codeigniter4\framework\system\Database\BaseConnection.php(598): CodeIgniter\Database\BaseConnection->simpleQuery('INSERT INTO `es...')
#3 E:\ARQUIVOS-LOCAIS-TCC\tcc-igniter\trabalho\vendor\codeigniter4\framework\system\Database\BaseBuilder.php(1771): CodeIgniter\Database\BaseConnection->query('INSERT INTO `es...', Array, false)
#4 E:\ARQUIVOS-LOCAIS-TCC\tcc-igniter\trabalho\vendor\codeigniter4\framework\system\Model.php(239): CodeIgniter\Database\BaseBuilder->insert()
#5 E:\ARQUIVOS-LOCAIS-TCC\tcc-igniter\trabalho\vendor\codeigniter4\framework\system\BaseModel.php(738): CodeIgniter\Model->doInsert(Array)
#6 E:\ARQUIVOS-LOCAIS-TCC\tcc-igniter\trabalho\vendor\codeigniter4\framework\system\Model.php(625): CodeIgniter\BaseModel->insert(Array, false)
#7 E:\ARQUIVOS-LOCAIS-TCC\tcc-igniter\trabalho\vendor\codeigniter4\framework\system\BaseModel.php(658): CodeIgniter\Model->insert(Array, false)
#8 E:\ARQUIVOS-LOCAIS-TCC\tcc-igniter\trabalho\app\Controllers\Admin\Registro.php(32): CodeIgniter\BaseModel->save(Array)
#9 E:\ARQUIVOS-LOCAIS-TCC\tcc-igniter\trabalho\vendor\codeigniter4\framework\system\CodeIgniter.php(832): App\Controllers\Admin\Registro->registrar()
#10 E:\ARQUIVOS-LOCAIS-TCC\tcc-igniter\trabalho\vendor\codeigniter4\framework\system\CodeIgniter.php(419): CodeIgniter\CodeIgniter->runController(Object(App\Controllers\Admin\Registro))
#11 E:\ARQUIVOS-LOCAIS-TCC\tcc-igniter\trabalho\vendor\codeigniter4\framework\system\CodeIgniter.php(326): CodeIgniter\CodeIgniter->handleRequest(NULL, Object(Config\Cache), false)
#12 E:\ARQUIVOS-LOCAIS-TCC\tcc-igniter\trabalho\public\index.php(37): CodeIgniter\CodeIgniter->run()
#13 E:\ARQUIVOS-LOCAIS-TCC\tcc-igniter\trabalho\vendor\codeigniter4\framework\system\Commands\Server\rewrite.php(43): require_once('E:\\ARQUIVOS-LOC...')
#14 {main}
ERROR - 2023-05-10 08:57:55 --> Unknown column 'preco' in 'field list'
CRITICAL - 2023-05-10 08:57:55 --> Unknown column 'preco' in 'field list'
#0 E:\ARQUIVOS-LOCAIS-TCC\tcc-igniter\trabalho\vendor\codeigniter4\framework\system\Database\MySQLi\Connection.php(292): mysqli->query('INSERT INTO `es...', 0)
#1 E:\ARQUIVOS-LOCAIS-TCC\tcc-igniter\trabalho\vendor\codeigniter4\framework\system\Database\BaseConnection.php(670): CodeIgniter\Database\MySQLi\Connection->execute('INSERT INTO `es...')
#2 E:\ARQUIVOS-LOCAIS-TCC\tcc-igniter\trabalho\vendor\codeigniter4\framework\system\Database\BaseConnection.php(598): CodeIgniter\Database\BaseConnection->simpleQuery('INSERT INTO `es...')
#3 E:\ARQUIVOS-LOCAIS-TCC\tcc-igniter\trabalho\vendor\codeigniter4\framework\system\Database\BaseBuilder.php(1771): CodeIgniter\Database\BaseConnection->query('INSERT INTO `es...', Array, false)
#4 E:\ARQUIVOS-LOCAIS-TCC\tcc-igniter\trabalho\vendor\codeigniter4\framework\system\Model.php(239): CodeIgniter\Database\BaseBuilder->insert()
#5 E:\ARQUIVOS-LOCAIS-TCC\tcc-igniter\trabalho\vendor\codeigniter4\framework\system\BaseModel.php(738): CodeIgniter\Model->doInsert(Array)
#6 E:\ARQUIVOS-LOCAIS-TCC\tcc-igniter\trabalho\vendor\codeigniter4\framework\system\Model.php(625): CodeIgniter\BaseModel->insert(Array, false)
#7 E:\ARQUIVOS-LOCAIS-TCC\tcc-igniter\trabalho\vendor\codeigniter4\framework\system\BaseModel.php(658): CodeIgniter\Model->insert(Array, false)
#8 E:\ARQUIVOS-LOCAIS-TCC\tcc-igniter\trabalho\app\Controllers\Admin\Registro.php(32): CodeIgniter\BaseModel->save(Array)
#9 E:\ARQUIVOS-LOCAIS-TCC\tcc-igniter\trabalho\vendor\codeigniter4\framework\system\CodeIgniter.php(832): App\Controllers\Admin\Registro->registrar()
#10 E:\ARQUIVOS-LOCAIS-TCC\tcc-igniter\trabalho\vendor\codeigniter4\framework\system\CodeIgniter.php(419): CodeIgniter\CodeIgniter->runController(Object(App\Controllers\Admin\Registro))
#11 E:\ARQUIVOS-LOCAIS-TCC\tcc-igniter\trabalho\vendor\codeigniter4\framework\system\CodeIgniter.php(326): CodeIgniter\CodeIgniter->handleRequest(NULL, Object(Config\Cache), false)
#12 E:\ARQUIVOS-LOCAIS-TCC\tcc-igniter\trabalho\public\index.php(37): CodeIgniter\CodeIgniter->run()
#13 E:\ARQUIVOS-LOCAIS-TCC\tcc-igniter\trabalho\vendor\codeigniter4\framework\system\Commands\Server\rewrite.php(43): require_once('E:\\ARQUIVOS-LOC...')
#14 {main}
