CRITICAL - 2023-03-14 04:57:16 --> require_once(./php/registro/conexao/conexao.php): Failed to open stream: No such file or directory
#0 E:\tcc-igniter\tcc\app\Views\registro.php(106): CodeIgniter\Debug\Exceptions->errorHandler(2, 'require_once(./...', 'E:\\tcc-igniter\\...', 106)
#1 E:\tcc-igniter\tcc\app\Views\registro.php(106): require_once()
#2 E:\tcc-igniter\tcc\vendor\codeigniter4\framework\system\View\View.php(210): include('E:\\tcc-igniter\\...')
#3 E:\tcc-igniter\tcc\vendor\codeigniter4\framework\system\View\View.php(213): CodeIgniter\View\View->CodeIgniter\View\{closure}()
#4 E:\tcc-igniter\tcc\vendor\codeigniter4\framework\system\Common.php(1089): CodeIgniter\View\View->render('registro', Array, true)
#5 E:\tcc-igniter\tcc\app\Controllers\Home.php(37): view('registro')
#6 E:\tcc-igniter\tcc\vendor\codeigniter4\framework\system\CodeIgniter.php(832): App\Controllers\Home->registro()
#7 E:\tcc-igniter\tcc\vendor\codeigniter4\framework\system\CodeIgniter.php(419): CodeIgniter\CodeIgniter->runController(Object(App\Controllers\Home))
#8 E:\tcc-igniter\tcc\vendor\codeigniter4\framework\system\CodeIgniter.php(326): CodeIgniter\CodeIgniter->handleRequest(NULL, Object(Config\Cache), false)
#9 E:\tcc-igniter\tcc\public\index.php(37): CodeIgniter\CodeIgniter->run()
#10 E:\tcc-igniter\tcc\vendor\codeigniter4\framework\system\Commands\Server\rewrite.php(43): require_once('E:\\tcc-igniter\\...')
#11 {main}
CRITICAL - 2023-03-14 04:58:18 --> require_once(./php/registro/conexao/conexao.php): Failed to open stream: No such file or directory
#0 E:\tcc-igniter\tcc\app\Views\registro.php(106): CodeIgniter\Debug\Exceptions->errorHandler(2, 'require_once(./...', 'E:\\tcc-igniter\\...', 106)
#1 E:\tcc-igniter\tcc\app\Views\registro.php(106): require_once()
#2 E:\tcc-igniter\tcc\vendor\codeigniter4\framework\system\View\View.php(210): include('E:\\tcc-igniter\\...')
#3 E:\tcc-igniter\tcc\vendor\codeigniter4\framework\system\View\View.php(213): CodeIgniter\View\View->CodeIgniter\View\{closure}()
#4 E:\tcc-igniter\tcc\vendor\codeigniter4\framework\system\Common.php(1089): CodeIgniter\View\View->render('registro', Array, true)
#5 E:\tcc-igniter\tcc\app\Controllers\Home.php(37): view('registro')
#6 E:\tcc-igniter\tcc\vendor\codeigniter4\framework\system\CodeIgniter.php(832): App\Controllers\Home->registro()
#7 E:\tcc-igniter\tcc\vendor\codeigniter4\framework\system\CodeIgniter.php(419): CodeIgniter\CodeIgniter->runController(Object(App\Controllers\Home))
#8 E:\tcc-igniter\tcc\vendor\codeigniter4\framework\system\CodeIgniter.php(326): CodeIgniter\CodeIgniter->handleRequest(NULL, Object(Config\Cache), false)
#9 E:\tcc-igniter\tcc\public\index.php(37): CodeIgniter\CodeIgniter->run()
#10 E:\tcc-igniter\tcc\vendor\codeigniter4\framework\system\Commands\Server\rewrite.php(43): require_once('E:\\tcc-igniter\\...')
#11 {main}
CRITICAL - 2023-03-14 05:08:54 --> require_once(./php/registro/conexao/conexao.php): Failed to open stream: No such file or directory
#0 E:\tcc-igniter\tcc\app\Views\registro.php(106): CodeIgniter\Debug\Exceptions->errorHandler(2, 'require_once(./...', 'E:\\tcc-igniter\\...', 106)
#1 E:\tcc-igniter\tcc\app\Views\registro.php(106): require_once()
#2 E:\tcc-igniter\tcc\vendor\codeigniter4\framework\system\View\View.php(210): include('E:\\tcc-igniter\\...')
#3 E:\tcc-igniter\tcc\vendor\codeigniter4\framework\system\View\View.php(213): CodeIgniter\View\View->CodeIgniter\View\{closure}()
#4 E:\tcc-igniter\tcc\vendor\codeigniter4\framework\system\Common.php(1089): CodeIgniter\View\View->render('registro', Array, true)
#5 E:\tcc-igniter\tcc\app\Controllers\Home.php(37): view('registro')
#6 E:\tcc-igniter\tcc\vendor\codeigniter4\framework\system\CodeIgniter.php(832): App\Controllers\Home->registro()
#7 E:\tcc-igniter\tcc\vendor\codeigniter4\framework\system\CodeIgniter.php(419): CodeIgniter\CodeIgniter->runController(Object(App\Controllers\Home))
#8 E:\tcc-igniter\tcc\vendor\codeigniter4\framework\system\CodeIgniter.php(326): CodeIgniter\CodeIgniter->handleRequest(NULL, Object(Config\Cache), false)
#9 E:\tcc-igniter\tcc\public\index.php(37): CodeIgniter\CodeIgniter->run()
#10 E:\tcc-igniter\tcc\vendor\codeigniter4\framework\system\Commands\Server\rewrite.php(43): require_once('E:\\tcc-igniter\\...')
#11 {main}
