CRITICAL - 2023-03-24 17:41:21 --> Undefined variable: estacionamento
#0 D:\AQUIVOS LOCAIS TCC\tcc-igniter\trabalho\app\Views\registro.php(104): CodeIgniter\Debug\Exceptions->errorHandler(8, 'Undefined varia...', 'D:\\AQUIVOS LOCA...', 104, Array)
#1 D:\AQUIVOS LOCAIS TCC\tcc-igniter\trabalho\vendor\codeigniter4\framework\system\View\View.php(210): include('D:\\AQUIVOS LOCA...')
#2 D:\AQUIVOS LOCAIS TCC\tcc-igniter\trabalho\vendor\codeigniter4\framework\system\View\View.php(213): CodeIgniter\View\View->CodeIgniter\View\{closure}()
#3 D:\AQUIVOS LOCAIS TCC\tcc-igniter\trabalho\vendor\codeigniter4\framework\system\Common.php(1089): CodeIgniter\View\View->render('registro', Array, true)
#4 D:\AQUIVOS LOCAIS TCC\tcc-igniter\trabalho\app\Controllers\Home.php(37): view('registro')
#5 D:\AQUIVOS LOCAIS TCC\tcc-igniter\trabalho\vendor\codeigniter4\framework\system\CodeIgniter.php(832): App\Controllers\Home->registro()
#6 D:\AQUIVOS LOCAIS TCC\tcc-igniter\trabalho\vendor\codeigniter4\framework\system\CodeIgniter.php(419): CodeIgniter\CodeIgniter->runController(Object(App\Controllers\Home))
#7 D:\AQUIVOS LOCAIS TCC\tcc-igniter\trabalho\vendor\codeigniter4\framework\system\CodeIgniter.php(326): CodeIgniter\CodeIgniter->handleRequest(NULL, Object(Config\Cache), false)
#8 D:\AQUIVOS LOCAIS TCC\tcc-igniter\trabalho\public\index.php(37): CodeIgniter\CodeIgniter->run()
#9 D:\AQUIVOS LOCAIS TCC\tcc-igniter\trabalho\vendor\codeigniter4\framework\system\Commands\Server\rewrite.php(43): require_once('D:\\AQUIVOS LOCA...')
#10 {main}
CRITICAL - 2023-03-24 17:53:12 --> Undefined variable: estacionamento
#0 D:\AQUIVOS LOCAIS TCC\tcc-igniter\trabalho\app\Views\registro.php(104): CodeIgniter\Debug\Exceptions->errorHandler(8, 'Undefined varia...', 'D:\\AQUIVOS LOCA...', 104, Array)
#1 D:\AQUIVOS LOCAIS TCC\tcc-igniter\trabalho\vendor\codeigniter4\framework\system\View\View.php(210): include('D:\\AQUIVOS LOCA...')
#2 D:\AQUIVOS LOCAIS TCC\tcc-igniter\trabalho\vendor\codeigniter4\framework\system\View\View.php(213): CodeIgniter\View\View->CodeIgniter\View\{closure}()
#3 D:\AQUIVOS LOCAIS TCC\tcc-igniter\trabalho\vendor\codeigniter4\framework\system\Common.php(1089): CodeIgniter\View\View->render('registro', Array, true)
#4 D:\AQUIVOS LOCAIS TCC\tcc-igniter\trabalho\app\Controllers\Home.php(37): view('registro')
#5 D:\AQUIVOS LOCAIS TCC\tcc-igniter\trabalho\vendor\codeigniter4\framework\system\CodeIgniter.php(832): App\Controllers\Home->registro()
#6 D:\AQUIVOS LOCAIS TCC\tcc-igniter\trabalho\vendor\codeigniter4\framework\system\CodeIgniter.php(419): CodeIgniter\CodeIgniter->runController(Object(App\Controllers\Home))
#7 D:\AQUIVOS LOCAIS TCC\tcc-igniter\trabalho\vendor\codeigniter4\framework\system\CodeIgniter.php(326): CodeIgniter\CodeIgniter->handleRequest(NULL, Object(Config\Cache), false)
#8 D:\AQUIVOS LOCAIS TCC\tcc-igniter\trabalho\public\index.php(37): CodeIgniter\CodeIgniter->run()
#9 D:\AQUIVOS LOCAIS TCC\tcc-igniter\trabalho\vendor\codeigniter4\framework\system\Commands\Server\rewrite.php(43): require_once('D:\\AQUIVOS LOCA...')
#10 {main}
CRITICAL - 2023-03-24 17:53:15 --> Undefined variable: estacionamento
#0 D:\AQUIVOS LOCAIS TCC\tcc-igniter\trabalho\app\Views\registro.php(104): CodeIgniter\Debug\Exceptions->errorHandler(8, 'Undefined varia...', 'D:\\AQUIVOS LOCA...', 104, Array)
#1 D:\AQUIVOS LOCAIS TCC\tcc-igniter\trabalho\vendor\codeigniter4\framework\system\View\View.php(210): include('D:\\AQUIVOS LOCA...')
#2 D:\AQUIVOS LOCAIS TCC\tcc-igniter\trabalho\vendor\codeigniter4\framework\system\View\View.php(213): CodeIgniter\View\View->CodeIgniter\View\{closure}()
#3 D:\AQUIVOS LOCAIS TCC\tcc-igniter\trabalho\vendor\codeigniter4\framework\system\Common.php(1089): CodeIgniter\View\View->render('registro', Array, true)
#4 D:\AQUIVOS LOCAIS TCC\tcc-igniter\trabalho\app\Controllers\Home.php(37): view('registro')
#5 D:\AQUIVOS LOCAIS TCC\tcc-igniter\trabalho\vendor\codeigniter4\framework\system\CodeIgniter.php(832): App\Controllers\Home->registro()
#6 D:\AQUIVOS LOCAIS TCC\tcc-igniter\trabalho\vendor\codeigniter4\framework\system\CodeIgniter.php(419): CodeIgniter\CodeIgniter->runController(Object(App\Controllers\Home))
#7 D:\AQUIVOS LOCAIS TCC\tcc-igniter\trabalho\vendor\codeigniter4\framework\system\CodeIgniter.php(326): CodeIgniter\CodeIgniter->handleRequest(NULL, Object(Config\Cache), false)
#8 D:\AQUIVOS LOCAIS TCC\tcc-igniter\trabalho\public\index.php(37): CodeIgniter\CodeIgniter->run()
#9 D:\AQUIVOS LOCAIS TCC\tcc-igniter\trabalho\vendor\codeigniter4\framework\system\Commands\Server\rewrite.php(43): require_once('D:\\AQUIVOS LOCA...')
#10 {main}
CRITICAL - 2023-03-24 17:54:05 --> Undefined variable: estacionamento
#0 D:\AQUIVOS LOCAIS TCC\tcc-igniter\trabalho\app\Views\registro.php(104): CodeIgniter\Debug\Exceptions->errorHandler(8, 'Undefined varia...', 'D:\\AQUIVOS LOCA...', 104, Array)
#1 D:\AQUIVOS LOCAIS TCC\tcc-igniter\trabalho\vendor\codeigniter4\framework\system\View\View.php(210): include('D:\\AQUIVOS LOCA...')
#2 D:\AQUIVOS LOCAIS TCC\tcc-igniter\trabalho\vendor\codeigniter4\framework\system\View\View.php(213): CodeIgniter\View\View->CodeIgniter\View\{closure}()
#3 D:\AQUIVOS LOCAIS TCC\tcc-igniter\trabalho\vendor\codeigniter4\framework\system\Common.php(1089): CodeIgniter\View\View->render('registro', Array, true)
#4 D:\AQUIVOS LOCAIS TCC\tcc-igniter\trabalho\app\Controllers\Home.php(37): view('registro')
#5 D:\AQUIVOS LOCAIS TCC\tcc-igniter\trabalho\vendor\codeigniter4\framework\system\CodeIgniter.php(832): App\Controllers\Home->registro()
#6 D:\AQUIVOS LOCAIS TCC\tcc-igniter\trabalho\vendor\codeigniter4\framework\system\CodeIgniter.php(419): CodeIgniter\CodeIgniter->runController(Object(App\Controllers\Home))
#7 D:\AQUIVOS LOCAIS TCC\tcc-igniter\trabalho\vendor\codeigniter4\framework\system\CodeIgniter.php(326): CodeIgniter\CodeIgniter->handleRequest(NULL, Object(Config\Cache), false)
#8 D:\AQUIVOS LOCAIS TCC\tcc-igniter\trabalho\public\index.php(37): CodeIgniter\CodeIgniter->run()
#9 D:\AQUIVOS LOCAIS TCC\tcc-igniter\trabalho\vendor\codeigniter4\framework\system\Commands\Server\rewrite.php(43): require_once('D:\\AQUIVOS LOCA...')
#10 {main}
CRITICAL - 2023-03-24 17:54:06 --> Undefined variable: estacionamento
#0 D:\AQUIVOS LOCAIS TCC\tcc-igniter\trabalho\app\Views\registro.php(104): CodeIgniter\Debug\Exceptions->errorHandler(8, 'Undefined varia...', 'D:\\AQUIVOS LOCA...', 104, Array)
#1 D:\AQUIVOS LOCAIS TCC\tcc-igniter\trabalho\vendor\codeigniter4\framework\system\View\View.php(210): include('D:\\AQUIVOS LOCA...')
#2 D:\AQUIVOS LOCAIS TCC\tcc-igniter\trabalho\vendor\codeigniter4\framework\system\View\View.php(213): CodeIgniter\View\View->CodeIgniter\View\{closure}()
#3 D:\AQUIVOS LOCAIS TCC\tcc-igniter\trabalho\vendor\codeigniter4\framework\system\Common.php(1089): CodeIgniter\View\View->render('registro', Array, true)
#4 D:\AQUIVOS LOCAIS TCC\tcc-igniter\trabalho\app\Controllers\Home.php(37): view('registro')
#5 D:\AQUIVOS LOCAIS TCC\tcc-igniter\trabalho\vendor\codeigniter4\framework\system\CodeIgniter.php(832): App\Controllers\Home->registro()
#6 D:\AQUIVOS LOCAIS TCC\tcc-igniter\trabalho\vendor\codeigniter4\framework\system\CodeIgniter.php(419): CodeIgniter\CodeIgniter->runController(Object(App\Controllers\Home))
#7 D:\AQUIVOS LOCAIS TCC\tcc-igniter\trabalho\vendor\codeigniter4\framework\system\CodeIgniter.php(326): CodeIgniter\CodeIgniter->handleRequest(NULL, Object(Config\Cache), false)
#8 D:\AQUIVOS LOCAIS TCC\tcc-igniter\trabalho\public\index.php(37): CodeIgniter\CodeIgniter->run()
#9 D:\AQUIVOS LOCAIS TCC\tcc-igniter\trabalho\vendor\codeigniter4\framework\system\Commands\Server\rewrite.php(43): require_once('D:\\AQUIVOS LOCA...')
#10 {main}
CRITICAL - 2023-03-24 17:54:07 --> Undefined variable: estacionamento
#0 D:\AQUIVOS LOCAIS TCC\tcc-igniter\trabalho\app\Views\registro.php(104): CodeIgniter\Debug\Exceptions->errorHandler(8, 'Undefined varia...', 'D:\\AQUIVOS LOCA...', 104, Array)
#1 D:\AQUIVOS LOCAIS TCC\tcc-igniter\trabalho\vendor\codeigniter4\framework\system\View\View.php(210): include('D:\\AQUIVOS LOCA...')
#2 D:\AQUIVOS LOCAIS TCC\tcc-igniter\trabalho\vendor\codeigniter4\framework\system\View\View.php(213): CodeIgniter\View\View->CodeIgniter\View\{closure}()
#3 D:\AQUIVOS LOCAIS TCC\tcc-igniter\trabalho\vendor\codeigniter4\framework\system\Common.php(1089): CodeIgniter\View\View->render('registro', Array, true)
#4 D:\AQUIVOS LOCAIS TCC\tcc-igniter\trabalho\app\Controllers\Home.php(37): view('registro')
#5 D:\AQUIVOS LOCAIS TCC\tcc-igniter\trabalho\vendor\codeigniter4\framework\system\CodeIgniter.php(832): App\Controllers\Home->registro()
#6 D:\AQUIVOS LOCAIS TCC\tcc-igniter\trabalho\vendor\codeigniter4\framework\system\CodeIgniter.php(419): CodeIgniter\CodeIgniter->runController(Object(App\Controllers\Home))
#7 D:\AQUIVOS LOCAIS TCC\tcc-igniter\trabalho\vendor\codeigniter4\framework\system\CodeIgniter.php(326): CodeIgniter\CodeIgniter->handleRequest(NULL, Object(Config\Cache), false)
#8 D:\AQUIVOS LOCAIS TCC\tcc-igniter\trabalho\public\index.php(37): CodeIgniter\CodeIgniter->run()
#9 D:\AQUIVOS LOCAIS TCC\tcc-igniter\trabalho\vendor\codeigniter4\framework\system\Commands\Server\rewrite.php(43): require_once('D:\\AQUIVOS LOCA...')
#10 {main}
CRITICAL - 2023-03-24 17:54:08 --> Undefined variable: estacionamento
#0 D:\AQUIVOS LOCAIS TCC\tcc-igniter\trabalho\app\Views\registro.php(104): CodeIgniter\Debug\Exceptions->errorHandler(8, 'Undefined varia...', 'D:\\AQUIVOS LOCA...', 104, Array)
#1 D:\AQUIVOS LOCAIS TCC\tcc-igniter\trabalho\vendor\codeigniter4\framework\system\View\View.php(210): include('D:\\AQUIVOS LOCA...')
#2 D:\AQUIVOS LOCAIS TCC\tcc-igniter\trabalho\vendor\codeigniter4\framework\system\View\View.php(213): CodeIgniter\View\View->CodeIgniter\View\{closure}()
#3 D:\AQUIVOS LOCAIS TCC\tcc-igniter\trabalho\vendor\codeigniter4\framework\system\Common.php(1089): CodeIgniter\View\View->render('registro', Array, true)
#4 D:\AQUIVOS LOCAIS TCC\tcc-igniter\trabalho\app\Controllers\Home.php(37): view('registro')
#5 D:\AQUIVOS LOCAIS TCC\tcc-igniter\trabalho\vendor\codeigniter4\framework\system\CodeIgniter.php(832): App\Controllers\Home->registro()
#6 D:\AQUIVOS LOCAIS TCC\tcc-igniter\trabalho\vendor\codeigniter4\framework\system\CodeIgniter.php(419): CodeIgniter\CodeIgniter->runController(Object(App\Controllers\Home))
#7 D:\AQUIVOS LOCAIS TCC\tcc-igniter\trabalho\vendor\codeigniter4\framework\system\CodeIgniter.php(326): CodeIgniter\CodeIgniter->handleRequest(NULL, Object(Config\Cache), false)
#8 D:\AQUIVOS LOCAIS TCC\tcc-igniter\trabalho\public\index.php(37): CodeIgniter\CodeIgniter->run()
#9 D:\AQUIVOS LOCAIS TCC\tcc-igniter\trabalho\vendor\codeigniter4\framework\system\Commands\Server\rewrite.php(43): require_once('D:\\AQUIVOS LOCA...')
#10 {main}
CRITICAL - 2023-03-24 17:54:08 --> Undefined variable: estacionamento
#0 D:\AQUIVOS LOCAIS TCC\tcc-igniter\trabalho\app\Views\registro.php(104): CodeIgniter\Debug\Exceptions->errorHandler(8, 'Undefined varia...', 'D:\\AQUIVOS LOCA...', 104, Array)
#1 D:\AQUIVOS LOCAIS TCC\tcc-igniter\trabalho\vendor\codeigniter4\framework\system\View\View.php(210): include('D:\\AQUIVOS LOCA...')
#2 D:\AQUIVOS LOCAIS TCC\tcc-igniter\trabalho\vendor\codeigniter4\framework\system\View\View.php(213): CodeIgniter\View\View->CodeIgniter\View\{closure}()
#3 D:\AQUIVOS LOCAIS TCC\tcc-igniter\trabalho\vendor\codeigniter4\framework\system\Common.php(1089): CodeIgniter\View\View->render('registro', Array, true)
#4 D:\AQUIVOS LOCAIS TCC\tcc-igniter\trabalho\app\Controllers\Home.php(37): view('registro')
#5 D:\AQUIVOS LOCAIS TCC\tcc-igniter\trabalho\vendor\codeigniter4\framework\system\CodeIgniter.php(832): App\Controllers\Home->registro()
#6 D:\AQUIVOS LOCAIS TCC\tcc-igniter\trabalho\vendor\codeigniter4\framework\system\CodeIgniter.php(419): CodeIgniter\CodeIgniter->runController(Object(App\Controllers\Home))
#7 D:\AQUIVOS LOCAIS TCC\tcc-igniter\trabalho\vendor\codeigniter4\framework\system\CodeIgniter.php(326): CodeIgniter\CodeIgniter->handleRequest(NULL, Object(Config\Cache), false)
#8 D:\AQUIVOS LOCAIS TCC\tcc-igniter\trabalho\public\index.php(37): CodeIgniter\CodeIgniter->run()
#9 D:\AQUIVOS LOCAIS TCC\tcc-igniter\trabalho\vendor\codeigniter4\framework\system\Commands\Server\rewrite.php(43): require_once('D:\\AQUIVOS LOCA...')
#10 {main}
CRITICAL - 2023-03-24 17:54:49 --> Undefined variable: estacionamento
#0 D:\AQUIVOS LOCAIS TCC\tcc-igniter\trabalho\app\Views\registro.php(4): CodeIgniter\Debug\Exceptions->errorHandler(8, 'Undefined varia...', 'D:\\AQUIVOS LOCA...', 4, Array)
#1 D:\AQUIVOS LOCAIS TCC\tcc-igniter\trabalho\vendor\codeigniter4\framework\system\View\View.php(210): include('D:\\AQUIVOS LOCA...')
#2 D:\AQUIVOS LOCAIS TCC\tcc-igniter\trabalho\vendor\codeigniter4\framework\system\View\View.php(213): CodeIgniter\View\View->CodeIgniter\View\{closure}()
#3 D:\AQUIVOS LOCAIS TCC\tcc-igniter\trabalho\vendor\codeigniter4\framework\system\Common.php(1089): CodeIgniter\View\View->render('registro', Array, true)
#4 D:\AQUIVOS LOCAIS TCC\tcc-igniter\trabalho\app\Controllers\Home.php(37): view('registro')
#5 D:\AQUIVOS LOCAIS TCC\tcc-igniter\trabalho\vendor\codeigniter4\framework\system\CodeIgniter.php(832): App\Controllers\Home->registro()
#6 D:\AQUIVOS LOCAIS TCC\tcc-igniter\trabalho\vendor\codeigniter4\framework\system\CodeIgniter.php(419): CodeIgniter\CodeIgniter->runController(Object(App\Controllers\Home))
#7 D:\AQUIVOS LOCAIS TCC\tcc-igniter\trabalho\vendor\codeigniter4\framework\system\CodeIgniter.php(326): CodeIgniter\CodeIgniter->handleRequest(NULL, Object(Config\Cache), false)
#8 D:\AQUIVOS LOCAIS TCC\tcc-igniter\trabalho\public\index.php(37): CodeIgniter\CodeIgniter->run()
#9 D:\AQUIVOS LOCAIS TCC\tcc-igniter\trabalho\vendor\codeigniter4\framework\system\Commands\Server\rewrite.php(43): require_once('D:\\AQUIVOS LOCA...')
#10 {main}
ERROR - 2023-03-24 17:58:22 --> Error connecting to the database: Unknown database 'estacionamento_mariah'
CRITICAL - 2023-03-24 17:58:22 --> Unable to connect to the database.
Main connection [MySQLi]: Unknown database 'estacionamento_mariah'
#0 D:\AQUIVOS LOCAIS TCC\tcc-igniter\trabalho\vendor\codeigniter4\framework\system\Database\BaseConnection.php(577): CodeIgniter\Database\BaseConnection->initialize()
#1 D:\AQUIVOS LOCAIS TCC\tcc-igniter\trabalho\vendor\codeigniter4\framework\system\Database\BaseBuilder.php(1455): CodeIgniter\Database\BaseConnection->query('SELECT *\nFROM `...', Array, false)
#2 D:\AQUIVOS LOCAIS TCC\tcc-igniter\trabalho\vendor\codeigniter4\framework\system\Model.php(183): CodeIgniter\Database\BaseBuilder->get()
#3 D:\AQUIVOS LOCAIS TCC\tcc-igniter\trabalho\vendor\codeigniter4\framework\system\BaseModel.php(584): CodeIgniter\Model->doFindAll(0, 0)
#4 D:\AQUIVOS LOCAIS TCC\tcc-igniter\trabalho\app\Controllers\Admin\Registro.php(12): CodeIgniter\BaseModel->findAll()
#5 D:\AQUIVOS LOCAIS TCC\tcc-igniter\trabalho\vendor\codeigniter4\framework\system\CodeIgniter.php(832): App\Controllers\Admin\Registro->index()
#6 D:\AQUIVOS LOCAIS TCC\tcc-igniter\trabalho\vendor\codeigniter4\framework\system\CodeIgniter.php(419): CodeIgniter\CodeIgniter->runController(Object(App\Controllers\Admin\Registro))
#7 D:\AQUIVOS LOCAIS TCC\tcc-igniter\trabalho\vendor\codeigniter4\framework\system\CodeIgniter.php(326): CodeIgniter\CodeIgniter->handleRequest(NULL, Object(Config\Cache), false)
#8 D:\AQUIVOS LOCAIS TCC\tcc-igniter\trabalho\public\index.php(37): CodeIgniter\CodeIgniter->run()
#9 D:\AQUIVOS LOCAIS TCC\tcc-igniter\trabalho\vendor\codeigniter4\framework\system\Commands\Server\rewrite.php(43): require_once('D:\\AQUIVOS LOCA...')
#10 {main}
ERROR - 2023-03-24 18:01:27 --> Error connecting to the database: Unknown database 'estacionamento_mariah'
CRITICAL - 2023-03-24 18:01:27 --> Unable to connect to the database.
Main connection [MySQLi]: Unknown database 'estacionamento_mariah'
#0 D:\AQUIVOS LOCAIS TCC\tcc-igniter\trabalho\vendor\codeigniter4\framework\system\Database\BaseConnection.php(577): CodeIgniter\Database\BaseConnection->initialize()
#1 D:\AQUIVOS LOCAIS TCC\tcc-igniter\trabalho\vendor\codeigniter4\framework\system\Database\BaseBuilder.php(1455): CodeIgniter\Database\BaseConnection->query('SELECT *\nFROM `...', Array, false)
#2 D:\AQUIVOS LOCAIS TCC\tcc-igniter\trabalho\vendor\codeigniter4\framework\system\Model.php(183): CodeIgniter\Database\BaseBuilder->get()
#3 D:\AQUIVOS LOCAIS TCC\tcc-igniter\trabalho\vendor\codeigniter4\framework\system\BaseModel.php(584): CodeIgniter\Model->doFindAll(0, 0)
#4 D:\AQUIVOS LOCAIS TCC\tcc-igniter\trabalho\app\Controllers\Admin\Registro.php(11): CodeIgniter\BaseModel->findAll()
#5 D:\AQUIVOS LOCAIS TCC\tcc-igniter\trabalho\vendor\codeigniter4\framework\system\CodeIgniter.php(832): App\Controllers\Admin\Registro->index()
#6 D:\AQUIVOS LOCAIS TCC\tcc-igniter\trabalho\vendor\codeigniter4\framework\system\CodeIgniter.php(419): CodeIgniter\CodeIgniter->runController(Object(App\Controllers\Admin\Registro))
#7 D:\AQUIVOS LOCAIS TCC\tcc-igniter\trabalho\vendor\codeigniter4\framework\system\CodeIgniter.php(326): CodeIgniter\CodeIgniter->handleRequest(NULL, Object(Config\Cache), false)
#8 D:\AQUIVOS LOCAIS TCC\tcc-igniter\trabalho\public\index.php(37): CodeIgniter\CodeIgniter->run()
#9 D:\AQUIVOS LOCAIS TCC\tcc-igniter\trabalho\vendor\codeigniter4\framework\system\Commands\Server\rewrite.php(43): require_once('D:\\AQUIVOS LOCA...')
#10 {main}
ERROR - 2023-03-24 18:02:50 --> Error connecting to the database: Unknown database 'estacionamento_mariah'
CRITICAL - 2023-03-24 18:02:50 --> Unable to connect to the database.
Main connection [MySQLi]: Unknown database 'estacionamento_mariah'
#0 D:\AQUIVOS LOCAIS TCC\tcc-igniter\trabalho\vendor\codeigniter4\framework\system\Database\BaseConnection.php(577): CodeIgniter\Database\BaseConnection->initialize()
#1 D:\AQUIVOS LOCAIS TCC\tcc-igniter\trabalho\vendor\codeigniter4\framework\system\Database\BaseBuilder.php(1455): CodeIgniter\Database\BaseConnection->query('SELECT *\nFROM `...', Array, false)
#2 D:\AQUIVOS LOCAIS TCC\tcc-igniter\trabalho\vendor\codeigniter4\framework\system\Model.php(183): CodeIgniter\Database\BaseBuilder->get()
#3 D:\AQUIVOS LOCAIS TCC\tcc-igniter\trabalho\vendor\codeigniter4\framework\system\BaseModel.php(584): CodeIgniter\Model->doFindAll(0, 0)
#4 D:\AQUIVOS LOCAIS TCC\tcc-igniter\trabalho\app\Controllers\Admin\Registro.php(11): CodeIgniter\BaseModel->findAll()
#5 D:\AQUIVOS LOCAIS TCC\tcc-igniter\trabalho\vendor\codeigniter4\framework\system\CodeIgniter.php(832): App\Controllers\Admin\Registro->index()
#6 D:\AQUIVOS LOCAIS TCC\tcc-igniter\trabalho\vendor\codeigniter4\framework\system\CodeIgniter.php(419): CodeIgniter\CodeIgniter->runController(Object(App\Controllers\Admin\Registro))
#7 D:\AQUIVOS LOCAIS TCC\tcc-igniter\trabalho\vendor\codeigniter4\framework\system\CodeIgniter.php(326): CodeIgniter\CodeIgniter->handleRequest(NULL, Object(Config\Cache), false)
#8 D:\AQUIVOS LOCAIS TCC\tcc-igniter\trabalho\public\index.php(37): CodeIgniter\CodeIgniter->run()
#9 D:\AQUIVOS LOCAIS TCC\tcc-igniter\trabalho\vendor\codeigniter4\framework\system\Commands\Server\rewrite.php(43): require_once('D:\\AQUIVOS LOCA...')
#10 {main}
ERROR - 2023-03-24 18:28:03 --> Error connecting to the database: Unknown database 'estacionamento_mariah'
CRITICAL - 2023-03-24 18:28:03 --> Unable to connect to the database.
Main connection [MySQLi]: Unknown database 'estacionamento_mariah'
#0 D:\AQUIVOS LOCAIS TCC\tcc-igniter\trabalho\vendor\codeigniter4\framework\system\Database\BaseConnection.php(577): CodeIgniter\Database\BaseConnection->initialize()
#1 D:\AQUIVOS LOCAIS TCC\tcc-igniter\trabalho\vendor\codeigniter4\framework\system\Database\BaseBuilder.php(1455): CodeIgniter\Database\BaseConnection->query('SELECT *\nFROM `...', Array, false)
#2 D:\AQUIVOS LOCAIS TCC\tcc-igniter\trabalho\vendor\codeigniter4\framework\system\Model.php(183): CodeIgniter\Database\BaseBuilder->get()
#3 D:\AQUIVOS LOCAIS TCC\tcc-igniter\trabalho\vendor\codeigniter4\framework\system\BaseModel.php(584): CodeIgniter\Model->doFindAll(0, 0)
#4 D:\AQUIVOS LOCAIS TCC\tcc-igniter\trabalho\app\Controllers\Admin\Registro.php(11): CodeIgniter\BaseModel->findAll()
#5 D:\AQUIVOS LOCAIS TCC\tcc-igniter\trabalho\vendor\codeigniter4\framework\system\CodeIgniter.php(832): App\Controllers\Admin\Registro->index()
#6 D:\AQUIVOS LOCAIS TCC\tcc-igniter\trabalho\vendor\codeigniter4\framework\system\CodeIgniter.php(419): CodeIgniter\CodeIgniter->runController(Object(App\Controllers\Admin\Registro))
#7 D:\AQUIVOS LOCAIS TCC\tcc-igniter\trabalho\vendor\codeigniter4\framework\system\CodeIgniter.php(326): CodeIgniter\CodeIgniter->handleRequest(NULL, Object(Config\Cache), false)
#8 D:\AQUIVOS LOCAIS TCC\tcc-igniter\trabalho\public\index.php(37): CodeIgniter\CodeIgniter->run()
#9 D:\AQUIVOS LOCAIS TCC\tcc-igniter\trabalho\vendor\codeigniter4\framework\system\Commands\Server\rewrite.php(43): require_once('D:\\AQUIVOS LOCA...')
#10 {main}
CRITICAL - 2023-03-24 18:33:47 --> Invalid file: registro.php
#0 D:\AQUIVOS LOCAIS TCC\tcc-igniter\trabalho\vendor\codeigniter4\framework\system\View\View.php(198): CodeIgniter\Exceptions\FrameworkException::forInvalidFile('registro.php')
#1 D:\AQUIVOS LOCAIS TCC\tcc-igniter\trabalho\vendor\codeigniter4\framework\system\Common.php(1089): CodeIgniter\View\View->render('registro', Array, true)
#2 D:\AQUIVOS LOCAIS TCC\tcc-igniter\trabalho\app\Controllers\Admin\Registro.php(12): view('registro', Array)
#3 D:\AQUIVOS LOCAIS TCC\tcc-igniter\trabalho\vendor\codeigniter4\framework\system\CodeIgniter.php(832): App\Controllers\Admin\Registro->index()
#4 D:\AQUIVOS LOCAIS TCC\tcc-igniter\trabalho\vendor\codeigniter4\framework\system\CodeIgniter.php(419): CodeIgniter\CodeIgniter->runController(Object(App\Controllers\Admin\Registro))
#5 D:\AQUIVOS LOCAIS TCC\tcc-igniter\trabalho\vendor\codeigniter4\framework\system\CodeIgniter.php(326): CodeIgniter\CodeIgniter->handleRequest(NULL, Object(Config\Cache), false)
#6 D:\AQUIVOS LOCAIS TCC\tcc-igniter\trabalho\public\index.php(37): CodeIgniter\CodeIgniter->run()
#7 D:\AQUIVOS LOCAIS TCC\tcc-igniter\trabalho\vendor\codeigniter4\framework\system\Commands\Server\rewrite.php(43): require_once('D:\\AQUIVOS LOCA...')
#8 {main}
CRITICAL - 2023-03-24 18:35:16 --> Invalid file: admin/registro.php
#0 D:\AQUIVOS LOCAIS TCC\tcc-igniter\trabalho\vendor\codeigniter4\framework\system\View\View.php(198): CodeIgniter\Exceptions\FrameworkException::forInvalidFile('admin/registro....')
#1 D:\AQUIVOS LOCAIS TCC\tcc-igniter\trabalho\vendor\codeigniter4\framework\system\Common.php(1089): CodeIgniter\View\View->render('admin/registro', Array, true)
#2 D:\AQUIVOS LOCAIS TCC\tcc-igniter\trabalho\app\Controllers\Admin\Registro.php(12): view('admin/registro', Array)
#3 D:\AQUIVOS LOCAIS TCC\tcc-igniter\trabalho\vendor\codeigniter4\framework\system\CodeIgniter.php(832): App\Controllers\Admin\Registro->index()
#4 D:\AQUIVOS LOCAIS TCC\tcc-igniter\trabalho\vendor\codeigniter4\framework\system\CodeIgniter.php(419): CodeIgniter\CodeIgniter->runController(Object(App\Controllers\Admin\Registro))
#5 D:\AQUIVOS LOCAIS TCC\tcc-igniter\trabalho\vendor\codeigniter4\framework\system\CodeIgniter.php(326): CodeIgniter\CodeIgniter->handleRequest(NULL, Object(Config\Cache), false)
#6 D:\AQUIVOS LOCAIS TCC\tcc-igniter\trabalho\public\index.php(37): CodeIgniter\CodeIgniter->run()
#7 D:\AQUIVOS LOCAIS TCC\tcc-igniter\trabalho\vendor\codeigniter4\framework\system\Commands\Server\rewrite.php(43): require_once('D:\\AQUIVOS LOCA...')
#8 {main}
CRITICAL - 2023-03-24 18:35:23 --> Invalid file: admin/registro.php
#0 D:\AQUIVOS LOCAIS TCC\tcc-igniter\trabalho\vendor\codeigniter4\framework\system\View\View.php(198): CodeIgniter\Exceptions\FrameworkException::forInvalidFile('admin/registro....')
#1 D:\AQUIVOS LOCAIS TCC\tcc-igniter\trabalho\vendor\codeigniter4\framework\system\Common.php(1089): CodeIgniter\View\View->render('admin/registro', Array, true)
#2 D:\AQUIVOS LOCAIS TCC\tcc-igniter\trabalho\app\Controllers\Admin\Registro.php(12): view('admin/registro', Array)
#3 D:\AQUIVOS LOCAIS TCC\tcc-igniter\trabalho\vendor\codeigniter4\framework\system\CodeIgniter.php(832): App\Controllers\Admin\Registro->index()
#4 D:\AQUIVOS LOCAIS TCC\tcc-igniter\trabalho\vendor\codeigniter4\framework\system\CodeIgniter.php(419): CodeIgniter\CodeIgniter->runController(Object(App\Controllers\Admin\Registro))
#5 D:\AQUIVOS LOCAIS TCC\tcc-igniter\trabalho\vendor\codeigniter4\framework\system\CodeIgniter.php(326): CodeIgniter\CodeIgniter->handleRequest(NULL, Object(Config\Cache), false)
#6 D:\AQUIVOS LOCAIS TCC\tcc-igniter\trabalho\public\index.php(37): CodeIgniter\CodeIgniter->run()
#7 D:\AQUIVOS LOCAIS TCC\tcc-igniter\trabalho\vendor\codeigniter4\framework\system\Commands\Server\rewrite.php(43): require_once('D:\\AQUIVOS LOCA...')
#8 {main}
